/var/spool/slurmd/job00001/slurm_script: line 9: LICENSE: command not found
/var/spool/slurmd/job00001/slurm_script: line 11: LICENSE: command not found
[2024-06-26 07:50:51,639] [INFO] [real_accelerator.py:203:get_accelerator] Setting ds_accelerator to cuda (auto detect)
[93m [WARNING] [0m async_io requires the dev libaio .so object and headers but these were not found.
[93m [WARNING] [0m async_io: please install the libaio-dev package with apt
[93m [WARNING] [0m If libaio is already installed (perhaps from source), try setting the CFLAGS and LDFLAGS environment variables to where it can be found.
[93m [WARNING] [0m Please specify the CUTLASS repo directory as environment variable $CUTLASS_PATH
[93m [WARNING] [0m sparse_attn requires a torch version >= 1.5 and < 2.0 but detected 2.0
[93m [WARNING] [0m using untested triton version (2.0.0), only 1.0.0 is known to be compatible
/fsx/ubuntu/miniconda3/envs/videogen/lib/python3.10/site-packages/controlnet_aux/mediapipe_face/mediapipe_face_common.py:7: UserWarning: The module 'mediapipe' is not installed. The package will have limited functionality. Please install it using the command: pip install 'mediapipe'
  warnings.warn(
/fsx/ubuntu/miniconda3/envs/videogen/lib/python3.10/site-packages/controlnet_aux/mediapipe_face/mediapipe_face_common.py:7: UserWarning: The module 'mediapipe' is not installed. The package will have limited functionality. Please install it using the command: pip install 'mediapipe'
  warnings.warn(
/fsx/ubuntu/miniconda3/envs/videogen/lib/python3.10/site-packages/controlnet_aux/mediapipe_face/mediapipe_face_common.py:7: UserWarning: The module 'mediapipe' is not installed. The package will have limited functionality. Please install it using the command: pip install 'mediapipe'
  warnings.warn(
/fsx/ubuntu/miniconda3/envs/videogen/lib/python3.10/site-packages/controlnet_aux/mediapipe_face/mediapipe_face_common.py:7: UserWarning: The module 'mediapipe' is not installed. The package will have limited functionality. Please install it using the command: pip install 'mediapipe'
  warnings.warn(
/fsx/ubuntu/miniconda3/envs/videogen/lib/python3.10/site-packages/controlnet_aux/segment_anything/modeling/tiny_vit_sam.py:654: UserWarning: Overwriting tiny_vit_5m_224 in registry with controlnet_aux.segment_anything.modeling.tiny_vit_sam.tiny_vit_5m_224. This is because the name being registered conflicts with an existing name. Please check if this is not expected.
  return register_model(fn_wrapper)
/fsx/ubuntu/miniconda3/envs/videogen/lib/python3.10/site-packages/controlnet_aux/segment_anything/modeling/tiny_vit_sam.py:654: UserWarning: Overwriting tiny_vit_5m_224 in registry with controlnet_aux.segment_anything.modeling.tiny_vit_sam.tiny_vit_5m_224. This is because the name being registered conflicts with an existing name. Please check if this is not expected.
  return register_model(fn_wrapper)
/fsx/ubuntu/miniconda3/envs/videogen/lib/python3.10/site-packages/controlnet_aux/segment_anything/modeling/tiny_vit_sam.py:654: UserWarning: Overwriting tiny_vit_11m_224 in registry with controlnet_aux.segment_anything.modeling.tiny_vit_sam.tiny_vit_11m_224. This is because the name being registered conflicts with an existing name. Please check if this is not expected.
  return register_model(fn_wrapper)
/fsx/ubuntu/miniconda3/envs/videogen/lib/python3.10/site-packages/controlnet_aux/segment_anything/modeling/tiny_vit_sam.py:654: UserWarning: Overwriting tiny_vit_5m_224 in registry with controlnet_aux.segment_anything.modeling.tiny_vit_sam.tiny_vit_5m_224. This is because the name being registered conflicts with an existing name. Please check if this is not expected.
  return register_model(fn_wrapper)
/fsx/ubuntu/miniconda3/envs/videogen/lib/python3.10/site-packages/controlnet_aux/segment_anything/modeling/tiny_vit_sam.py:654: UserWarning: Overwriting tiny_vit_21m_224 in registry with controlnet_aux.segment_anything.modeling.tiny_vit_sam.tiny_vit_21m_224. This is because the name being registered conflicts with an existing name. Please check if this is not expected.
  return register_model(fn_wrapper)
/fsx/ubuntu/miniconda3/envs/videogen/lib/python3.10/site-packages/controlnet_aux/segment_anything/modeling/tiny_vit_sam.py:654: UserWarning: Overwriting tiny_vit_11m_224 in registry with controlnet_aux.segment_anything.modeling.tiny_vit_sam.tiny_vit_11m_224. This is because the name being registered conflicts with an existing name. Please check if this is not expected.
  return register_model(fn_wrapper)
/fsx/ubuntu/miniconda3/envs/videogen/lib/python3.10/site-packages/controlnet_aux/segment_anything/modeling/tiny_vit_sam.py:654: UserWarning: Overwriting tiny_vit_21m_384 in registry with controlnet_aux.segment_anything.modeling.tiny_vit_sam.tiny_vit_21m_384. This is because the name being registered conflicts with an existing name. Please check if this is not expected.
  return register_model(fn_wrapper)
/fsx/ubuntu/miniconda3/envs/videogen/lib/python3.10/site-packages/controlnet_aux/segment_anything/modeling/tiny_vit_sam.py:654: UserWarning: Overwriting tiny_vit_11m_224 in registry with controlnet_aux.segment_anything.modeling.tiny_vit_sam.tiny_vit_11m_224. This is because the name being registered conflicts with an existing name. Please check if this is not expected.
  return register_model(fn_wrapper)
/fsx/ubuntu/miniconda3/envs/videogen/lib/python3.10/site-packages/controlnet_aux/segment_anything/modeling/tiny_vit_sam.py:654: UserWarning: Overwriting tiny_vit_21m_512 in registry with controlnet_aux.segment_anything.modeling.tiny_vit_sam.tiny_vit_21m_512. This is because the name being registered conflicts with an existing name. Please check if this is not expected.
  return register_model(fn_wrapper)
/fsx/ubuntu/miniconda3/envs/videogen/lib/python3.10/site-packages/controlnet_aux/segment_anything/modeling/tiny_vit_sam.py:654: UserWarning: Overwriting tiny_vit_21m_224 in registry with controlnet_aux.segment_anything.modeling.tiny_vit_sam.tiny_vit_21m_224. This is because the name being registered conflicts with an existing name. Please check if this is not expected.
  return register_model(fn_wrapper)
/fsx/ubuntu/miniconda3/envs/videogen/lib/python3.10/site-packages/controlnet_aux/segment_anything/modeling/tiny_vit_sam.py:654: UserWarning: Overwriting tiny_vit_21m_224 in registry with controlnet_aux.segment_anything.modeling.tiny_vit_sam.tiny_vit_21m_224. This is because the name being registered conflicts with an existing name. Please check if this is not expected.
  return register_model(fn_wrapper)
/fsx/ubuntu/miniconda3/envs/videogen/lib/python3.10/site-packages/controlnet_aux/segment_anything/modeling/tiny_vit_sam.py:654: UserWarning: Overwriting tiny_vit_21m_384 in registry with controlnet_aux.segment_anything.modeling.tiny_vit_sam.tiny_vit_21m_384. This is because the name being registered conflicts with an existing name. Please check if this is not expected.
  return register_model(fn_wrapper)
/fsx/ubuntu/miniconda3/envs/videogen/lib/python3.10/site-packages/controlnet_aux/segment_anything/modeling/tiny_vit_sam.py:654: UserWarning: Overwriting tiny_vit_21m_384 in registry with controlnet_aux.segment_anything.modeling.tiny_vit_sam.tiny_vit_21m_384. This is because the name being registered conflicts with an existing name. Please check if this is not expected.
  return register_model(fn_wrapper)
/fsx/ubuntu/miniconda3/envs/videogen/lib/python3.10/site-packages/controlnet_aux/segment_anything/modeling/tiny_vit_sam.py:654: UserWarning: Overwriting tiny_vit_21m_512 in registry with controlnet_aux.segment_anything.modeling.tiny_vit_sam.tiny_vit_21m_512. This is because the name being registered conflicts with an existing name. Please check if this is not expected.
  return register_model(fn_wrapper)
/fsx/ubuntu/miniconda3/envs/videogen/lib/python3.10/site-packages/controlnet_aux/segment_anything/modeling/tiny_vit_sam.py:654: UserWarning: Overwriting tiny_vit_21m_512 in registry with controlnet_aux.segment_anything.modeling.tiny_vit_sam.tiny_vit_21m_512. This is because the name being registered conflicts with an existing name. Please check if this is not expected.
  return register_model(fn_wrapper)
/fsx/ubuntu/miniconda3/envs/videogen/lib/python3.10/site-packages/controlnet_aux/segment_anything/modeling/tiny_vit_sam.py:654: UserWarning: Overwriting tiny_vit_5m_224 in registry with controlnet_aux.segment_anything.modeling.tiny_vit_sam.tiny_vit_5m_224. This is because the name being registered conflicts with an existing name. Please check if this is not expected.
  return register_model(fn_wrapper)
/fsx/ubuntu/miniconda3/envs/videogen/lib/python3.10/site-packages/controlnet_aux/segment_anything/modeling/tiny_vit_sam.py:654: UserWarning: Overwriting tiny_vit_11m_224 in registry with controlnet_aux.segment_anything.modeling.tiny_vit_sam.tiny_vit_11m_224. This is because the name being registered conflicts with an existing name. Please check if this is not expected.
  return register_model(fn_wrapper)
/fsx/ubuntu/miniconda3/envs/videogen/lib/python3.10/site-packages/controlnet_aux/segment_anything/modeling/tiny_vit_sam.py:654: UserWarning: Overwriting tiny_vit_21m_224 in registry with controlnet_aux.segment_anything.modeling.tiny_vit_sam.tiny_vit_21m_224. This is because the name being registered conflicts with an existing name. Please check if this is not expected.
  return register_model(fn_wrapper)
/fsx/ubuntu/miniconda3/envs/videogen/lib/python3.10/site-packages/controlnet_aux/segment_anything/modeling/tiny_vit_sam.py:654: UserWarning: Overwriting tiny_vit_21m_384 in registry with controlnet_aux.segment_anything.modeling.tiny_vit_sam.tiny_vit_21m_384. This is because the name being registered conflicts with an existing name. Please check if this is not expected.
  return register_model(fn_wrapper)
/fsx/ubuntu/miniconda3/envs/videogen/lib/python3.10/site-packages/controlnet_aux/segment_anything/modeling/tiny_vit_sam.py:654: UserWarning: Overwriting tiny_vit_21m_512 in registry with controlnet_aux.segment_anything.modeling.tiny_vit_sam.tiny_vit_21m_512. This is because the name being registered conflicts with an existing name. Please check if this is not expected.
  return register_model(fn_wrapper)
[2024-06-26 07:51:10,691] [INFO] [real_accelerator.py:203:get_accelerator] Setting ds_accelerator to cuda (auto detect)
[2024-06-26 07:51:10,691] [INFO] [real_accelerator.py:203:get_accelerator] Setting ds_accelerator to cuda (auto detect)
[2024-06-26 07:51:10,708] [INFO] [real_accelerator.py:203:get_accelerator] Setting ds_accelerator to cuda (auto detect)
[2024-06-26 07:51:10,708] [INFO] [real_accelerator.py:203:get_accelerator] Setting ds_accelerator to cuda (auto detect)
[93m [WARNING] [0m async_io requires the dev libaio .so object and headers but these were not found.
[93m [WARNING] [0m async_io requires the dev libaio .so object and headers but these were not found.
[93m [WARNING] [0m async_io requires the dev libaio .so object and headers but these were not found.
[93m [WARNING] [0m async_io requires the dev libaio .so object and headers but these were not found.
[93m [WARNING] [0m async_io: please install the libaio-dev package with apt
[93m [WARNING] [0m If libaio is already installed (perhaps from source), try setting the CFLAGS and LDFLAGS environment variables to where it can be found.
[93m [WARNING] [0m Please specify the CUTLASS repo directory as environment variable $CUTLASS_PATH
[93m [WARNING] [0m async_io: please install the libaio-dev package with apt
[93m [WARNING] [0m If libaio is already installed (perhaps from source), try setting the CFLAGS and LDFLAGS environment variables to where it can be found.
[93m [WARNING] [0m Please specify the CUTLASS repo directory as environment variable $CUTLASS_PATH
[93m [WARNING] [0m async_io: please install the libaio-dev package with apt
[93m [WARNING] [0m If libaio is already installed (perhaps from source), try setting the CFLAGS and LDFLAGS environment variables to where it can be found.
[93m [WARNING] [0m Please specify the CUTLASS repo directory as environment variable $CUTLASS_PATH
[93m [WARNING] [0m async_io: please install the libaio-dev package with apt
[93m [WARNING] [0m If libaio is already installed (perhaps from source), try setting the CFLAGS and LDFLAGS environment variables to where it can be found.
[93m [WARNING] [0m Please specify the CUTLASS repo directory as environment variable $CUTLASS_PATH
[93m [WARNING] [0m sparse_attn requires a torch version >= 1.5 and < 2.0 but detected 2.0
[93m [WARNING] [0m using untested triton version (2.0.0), only 1.0.0 is known to be compatible
[93m [WARNING] [0m sparse_attn requires a torch version >= 1.5 and < 2.0 but detected 2.0
[93m [WARNING] [0m using untested triton version (2.0.0), only 1.0.0 is known to be compatible
[93m [WARNING] [0m sparse_attn requires a torch version >= 1.5 and < 2.0 but detected 2.0
[93m [WARNING] [0m sparse_attn requires a torch version >= 1.5 and < 2.0 but detected 2.0
[93m [WARNING] [0m using untested triton version (2.0.0), only 1.0.0 is known to be compatible
[93m [WARNING] [0m using untested triton version (2.0.0), only 1.0.0 is known to be compatible
[2024-06-26 07:51:14,353] [INFO] [comm.py:637:init_distributed] cdb=None
[2024-06-26 07:51:14,353] [INFO] [comm.py:668:init_distributed] Initializing TorchBackend in DeepSpeed with backend nccl
[2024-06-26 07:51:14,367] [INFO] [comm.py:637:init_distributed] cdb=None
[2024-06-26 07:51:14,376] [INFO] [comm.py:637:init_distributed] cdb=None
[2024-06-26 07:51:14,399] [INFO] [comm.py:637:init_distributed] cdb=None
06/26/2024 07:51:14 - INFO - __main__ - Distributed environment: DEEPSPEED  Backend: nccl
Num processes: 4
Process index: 2
Local process index: 2
Device: cuda:2

Mixed precision type: fp16
ds_config: {'train_batch_size': 'auto', 'train_micro_batch_size_per_gpu': 'auto', 'gradient_accumulation_steps': 1, 'zero_optimization': {'stage': 2, 'offload_optimizer': {'device': 'none', 'nvme_path': None}, 'offload_param': {'device': 'none', 'nvme_path': None}, 'stage3_gather_16bit_weights_on_model_save': False}, 'gradient_clipping': 1.0, 'steps_per_print': inf, 'fp16': {'enabled': True, 'auto_cast': True}, 'bf16': {'enabled': False}}

06/26/2024 07:51:14 - INFO - __main__ - Distributed environment: DEEPSPEED  Backend: nccl
Num processes: 4
Process index: 3
Local process index: 3
Device: cuda:3

Mixed precision type: fp16
ds_config: {'train_batch_size': 'auto', 'train_micro_batch_size_per_gpu': 'auto', 'gradient_accumulation_steps': 1, 'zero_optimization': {'stage': 2, 'offload_optimizer': {'device': 'none', 'nvme_path': None}, 'offload_param': {'device': 'none', 'nvme_path': None}, 'stage3_gather_16bit_weights_on_model_save': False}, 'gradient_clipping': 1.0, 'steps_per_print': inf, 'fp16': {'enabled': True, 'auto_cast': True}, 'bf16': {'enabled': False}}

06/26/2024 07:51:14 - INFO - __main__ - Distributed environment: DEEPSPEED  Backend: nccl
Num processes: 4
Process index: 0
Local process index: 0
Device: cuda:0

Mixed precision type: fp16
ds_config: {'train_batch_size': 'auto', 'train_micro_batch_size_per_gpu': 'auto', 'gradient_accumulation_steps': 1, 'zero_optimization': {'stage': 2, 'offload_optimizer': {'device': 'none', 'nvme_path': None}, 'offload_param': {'device': 'none', 'nvme_path': None}, 'stage3_gather_16bit_weights_on_model_save': False}, 'gradient_clipping': 1.0, 'steps_per_print': inf, 'fp16': {'enabled': True, 'auto_cast': True}, 'bf16': {'enabled': False}}

06/26/2024 07:51:14 - INFO - __main__ - Distributed environment: DEEPSPEED  Backend: nccl
Num processes: 4
Process index: 1
Local process index: 1
Device: cuda:1

Mixed precision type: fp16
ds_config: {'train_batch_size': 'auto', 'train_micro_batch_size_per_gpu': 'auto', 'gradient_accumulation_steps': 1, 'zero_optimization': {'stage': 2, 'offload_optimizer': {'device': 'none', 'nvme_path': None}, 'offload_param': {'device': 'none', 'nvme_path': None}, 'stage3_gather_16bit_weights_on_model_save': False}, 'gradient_clipping': 1.0, 'steps_per_print': inf, 'fp16': {'enabled': True, 'auto_cast': True}, 'bf16': {'enabled': False}}

{'scaling_factor', 'force_upcast'} was not found in config. Values will be initialized to default values.
{'addition_embed_type_num_heads', 'num_attention_heads', 'upcast_attention', 'projection_class_embeddings_input_dim', 'class_embeddings_concat', 'class_embed_type', 'conv_in_kernel', 'resnet_out_scale_factor', 'time_embedding_act_fn', 'transformer_layers_per_block', 'cross_attention_norm', 'mid_block_type', 'addition_time_embed_dim', 'resnet_time_scale_shift', 'mid_block_only_cross_attention', 'encoder_hid_dim_type', 'encoder_hid_dim', 'timestep_post_act', 'dropout', 'reverse_transformer_layers_per_block', 'resnet_skip_time_act', 'time_embedding_type', 'addition_embed_type', 'time_embedding_dim', 'attention_type', 'conv_out_kernel', 'time_cond_proj_dim'} was not found in config. Values will be initialized to default values.
Some weights of the model checkpoint were not used when initializing UNet2DConditionModel: 
 ['conv_norm_out.weight, conv_norm_out.bias, conv_out.weight, conv_out.bias']
06/26/2024 07:51:26 - INFO - src.models.unet_3d - loaded temporal unet's pretrained weights from pretrained_weights/sd-image-variations-diffusers/models--lambdalabs--sd-image-variations-diffusers/snapshots/42bc0ee1726b141d49f519a6ea02ccfbf073db2e/unet ...
06/26/2024 07:51:26 - INFO - src.models.unet_3d - loaded temporal unet's pretrained weights from pretrained_weights/sd-image-variations-diffusers/models--lambdalabs--sd-image-variations-diffusers/snapshots/42bc0ee1726b141d49f519a6ea02ccfbf073db2e/unet ...
{'motion_module_kwargs', 'use_inflated_groupnorm', 'class_embed_type', 'motion_module_mid_block', 'motion_module_type', 'motion_module_decoder_only', 'unet_use_cross_frame_attention', 'upcast_attention', 'task_type', 'mode', 'resnet_time_scale_shift', 'motion_module_resolutions'} was not found in config. Values will be initialized to default values.
06/26/2024 07:51:26 - INFO - src.models.unet_3d - loaded temporal unet's pretrained weights from pretrained_weights/sd-image-variations-diffusers/models--lambdalabs--sd-image-variations-diffusers/snapshots/42bc0ee1726b141d49f519a6ea02ccfbf073db2e/unet ...
06/26/2024 07:51:26 - INFO - src.models.unet_3d - loaded temporal unet's pretrained weights from pretrained_weights/sd-image-variations-diffusers/models--lambdalabs--sd-image-variations-diffusers/snapshots/42bc0ee1726b141d49f519a6ea02ccfbf073db2e/unet ...
06/26/2024 07:51:33 - INFO - src.models.unet_3d - Loaded 0.0M-parameter motion module
06/26/2024 07:51:33 - INFO - src.models.unet_3d - Loaded 0.0M-parameter motion module
06/26/2024 07:51:33 - INFO - src.models.unet_3d - Loaded 0.0M-parameter motion module
06/26/2024 07:51:33 - INFO - src.models.unet_3d - Loaded 0.0M-parameter motion module
[2024-06-26 07:51:38,702] [INFO] [logging.py:96:log_dist] [Rank 0] DeepSpeed info: version=0.14.3, git-hash=unknown, git-branch=unknown
06/26/2024 07:51:38 - INFO - torch.distributed.distributed_c10d - Added key: store_based_barrier_key:2 to store for rank: 0
06/26/2024 07:51:38 - INFO - torch.distributed.distributed_c10d - Added key: store_based_barrier_key:2 to store for rank: 3
06/26/2024 07:51:38 - INFO - torch.distributed.distributed_c10d - Added key: store_based_barrier_key:2 to store for rank: 2
06/26/2024 07:51:38 - INFO - torch.distributed.distributed_c10d - Added key: store_based_barrier_key:2 to store for rank: 1
06/26/2024 07:51:38 - INFO - torch.distributed.distributed_c10d - Rank 1: Completed store-based barrier for key:store_based_barrier_key:2 with 4 nodes.
06/26/2024 07:51:38 - INFO - torch.distributed.distributed_c10d - Rank 0: Completed store-based barrier for key:store_based_barrier_key:2 with 4 nodes.
06/26/2024 07:51:38 - INFO - torch.distributed.distributed_c10d - Rank 3: Completed store-based barrier for key:store_based_barrier_key:2 with 4 nodes.
06/26/2024 07:51:38 - INFO - torch.distributed.distributed_c10d - Rank 2: Completed store-based barrier for key:store_based_barrier_key:2 with 4 nodes.
ip-10-1-76-53:40442:40442 [0] NCCL INFO Bootstrap : Using ens6:10.1.76.53<0>
ip-10-1-76-53:40442:40442 [0] NCCL INFO NET/Plugin: Failed to find ncclCollNetPlugin_v6 symbol.
ip-10-1-76-53:40442:40442 [0] NCCL INFO NET/Plugin: Failed to find ncclCollNetPlugin symbol (v4 or v5).
ip-10-1-76-53:40442:40442 [0] NCCL INFO cudaDriverVersion 12020
NCCL version 2.14.3+cuda11.7
ip-10-1-76-53:40442:40599 [0] NCCL INFO NET/OFI Initializing aws-ofi-nccl 1.9.1-aws
ip-10-1-76-53:40442:40599 [0] NCCL INFO NET/OFI Initializing aws-ofi-nccl 1.9.1-aws
ip-10-1-76-53:40442:40599 [0] NCCL INFO NET/OFI Using Libfabric version 1.21
ip-10-1-76-53:40442:40599 [0] NCCL INFO NET/OFI Using CUDA driver version 12020
ip-10-1-76-53:40442:40599 [0] NCCL INFO NET/OFI Configuring AWS-specific options
ip-10-1-76-53:40442:40599 [0] NCCL INFO NET/OFI Setting provider_filter to efa
ip-10-1-76-53:40442:40599 [0] NCCL INFO NET/OFI Setting FI_EFA_FORK_SAFE environment variable to 1
ip-10-1-76-53:40442:40599 [0] NCCL INFO NET/OFI Setting NCCL_NVLSTREE_MAX_CHUNKSIZE to 512KiB
ip-10-1-76-53:40442:40599 [0] NCCL INFO NET/OFI Setting NCCL_NVLS_CHUNKSIZE to 512KiB
ip-10-1-76-53:40442:40599 [0] NCCL INFO NET/OFI Internode latency set at 150.0 us
ip-10-1-76-53:40442:40599 [0] NCCL INFO NET/OFI Using transport protocol SENDRECV
ip-10-1-76-53:40444:40444 [2] NCCL INFO cudaDriverVersion 12020
ip-10-1-76-53:40443:40443 [1] NCCL INFO cudaDriverVersion 12020
ip-10-1-76-53:40445:40445 [3] NCCL INFO cudaDriverVersion 12020
ip-10-1-76-53:40444:40444 [2] NCCL INFO Bootstrap : Using ens6:10.1.76.53<0>
ip-10-1-76-53:40444:40444 [2] NCCL INFO NET/Plugin: Failed to find ncclCollNetPlugin_v6 symbol.
ip-10-1-76-53:40444:40444 [2] NCCL INFO NET/Plugin: Failed to find ncclCollNetPlugin symbol (v4 or v5).
ip-10-1-76-53:40445:40445 [3] NCCL INFO Bootstrap : Using ens6:10.1.76.53<0>
ip-10-1-76-53:40444:40600 [2] NCCL INFO NET/OFI Initializing aws-ofi-nccl 1.9.1-aws
ip-10-1-76-53:40444:40600 [2] NCCL INFO NET/OFI Initializing aws-ofi-nccl 1.9.1-aws
ip-10-1-76-53:40444:40600 [2] NCCL INFO NET/OFI Using Libfabric version 1.21
ip-10-1-76-53:40444:40600 [2] NCCL INFO NET/OFI Using CUDA driver version 12020
ip-10-1-76-53:40444:40600 [2] NCCL INFO NET/OFI Configuring AWS-specific options
ip-10-1-76-53:40444:40600 [2] NCCL INFO NET/OFI Setting provider_filter to efa
ip-10-1-76-53:40444:40600 [2] NCCL INFO NET/OFI Setting FI_EFA_FORK_SAFE environment variable to 1
ip-10-1-76-53:40444:40600 [2] NCCL INFO NET/OFI Setting NCCL_NVLSTREE_MAX_CHUNKSIZE to 512KiB
ip-10-1-76-53:40444:40600 [2] NCCL INFO NET/OFI Setting NCCL_NVLS_CHUNKSIZE to 512KiB
ip-10-1-76-53:40444:40600 [2] NCCL INFO NET/OFI Internode latency set at 150.0 us
ip-10-1-76-53:40444:40600 [2] NCCL INFO NET/OFI Using transport protocol SENDRECV
ip-10-1-76-53:40445:40445 [3] NCCL INFO NET/Plugin: Failed to find ncclCollNetPlugin_v6 symbol.
ip-10-1-76-53:40445:40445 [3] NCCL INFO NET/Plugin: Failed to find ncclCollNetPlugin symbol (v4 or v5).
ip-10-1-76-53:40443:40443 [1] NCCL INFO Bootstrap : Using ens6:10.1.76.53<0>
ip-10-1-76-53:40443:40443 [1] NCCL INFO NET/Plugin: Failed to find ncclCollNetPlugin_v6 symbol.
ip-10-1-76-53:40443:40443 [1] NCCL INFO NET/Plugin: Failed to find ncclCollNetPlugin symbol (v4 or v5).
ip-10-1-76-53:40445:40601 [3] NCCL INFO NET/OFI Initializing aws-ofi-nccl 1.9.1-aws
ip-10-1-76-53:40445:40601 [3] NCCL INFO NET/OFI Initializing aws-ofi-nccl 1.9.1-aws
ip-10-1-76-53:40445:40601 [3] NCCL INFO NET/OFI Using Libfabric version 1.21
ip-10-1-76-53:40445:40601 [3] NCCL INFO NET/OFI Using CUDA driver version 12020
ip-10-1-76-53:40445:40601 [3] NCCL INFO NET/OFI Configuring AWS-specific options
ip-10-1-76-53:40445:40601 [3] NCCL INFO NET/OFI Setting provider_filter to efa
ip-10-1-76-53:40445:40601 [3] NCCL INFO NET/OFI Setting FI_EFA_FORK_SAFE environment variable to 1
ip-10-1-76-53:40445:40601 [3] NCCL INFO NET/OFI Setting NCCL_NVLSTREE_MAX_CHUNKSIZE to 512KiB
ip-10-1-76-53:40445:40601 [3] NCCL INFO NET/OFI Setting NCCL_NVLS_CHUNKSIZE to 512KiB
ip-10-1-76-53:40445:40601 [3] NCCL INFO NET/OFI Internode latency set at 150.0 us
ip-10-1-76-53:40445:40601 [3] NCCL INFO NET/OFI Using transport protocol SENDRECV
ip-10-1-76-53:40443:40602 [1] NCCL INFO NET/OFI Initializing aws-ofi-nccl 1.9.1-aws
ip-10-1-76-53:40443:40602 [1] NCCL INFO NET/OFI Initializing aws-ofi-nccl 1.9.1-aws
ip-10-1-76-53:40443:40602 [1] NCCL INFO NET/OFI Using Libfabric version 1.21
ip-10-1-76-53:40443:40602 [1] NCCL INFO NET/OFI Using CUDA driver version 12020
ip-10-1-76-53:40443:40602 [1] NCCL INFO NET/OFI Configuring AWS-specific options
ip-10-1-76-53:40443:40602 [1] NCCL INFO NET/OFI Setting provider_filter to efa
ip-10-1-76-53:40443:40602 [1] NCCL INFO NET/OFI Setting FI_EFA_FORK_SAFE environment variable to 1
ip-10-1-76-53:40443:40602 [1] NCCL INFO NET/OFI Setting NCCL_NVLSTREE_MAX_CHUNKSIZE to 512KiB
ip-10-1-76-53:40443:40602 [1] NCCL INFO NET/OFI Setting NCCL_NVLS_CHUNKSIZE to 512KiB
ip-10-1-76-53:40443:40602 [1] NCCL INFO NET/OFI Internode latency set at 150.0 us
ip-10-1-76-53:40443:40602 [1] NCCL INFO NET/OFI Using transport protocol SENDRECV
ip-10-1-76-53:40444:40600 [2] NCCL INFO NET/OFI Selected Provider is efa (found 1 nics)
ip-10-1-76-53:40445:40601 [3] NCCL INFO NET/OFI Selected Provider is efa (found 1 nics)
ip-10-1-76-53:40443:40602 [1] NCCL INFO NET/OFI Selected Provider is efa (found 1 nics)
ip-10-1-76-53:40442:40599 [0] NCCL INFO NET/OFI Selected Provider is efa (found 1 nics)
ip-10-1-76-53:40444:40600 [2] NCCL INFO NET/OFI Could not disable CUDA API usage for HMEM, disabling GDR
ip-10-1-76-53:40443:40602 [1] NCCL INFO NET/OFI Could not disable CUDA API usage for HMEM, disabling GDR
ip-10-1-76-53:40445:40601 [3] NCCL INFO NET/OFI Could not disable CUDA API usage for HMEM, disabling GDR
ip-10-1-76-53:40442:40599 [0] NCCL INFO NET/OFI Could not disable CUDA API usage for HMEM, disabling GDR
ip-10-1-76-53:40444:40600 [2] NCCL INFO NET/OFI Setting FI_OPT_EFA_SENDRECV_IN_ORDER_ALIGNED_128_BYTES not supported.
ip-10-1-76-53:40444:40600 [2] NCCL INFO NET/OFI Setting NCCL_PROTO to "simple"
ip-10-1-76-53:40443:40602 [1] NCCL INFO NET/OFI Setting FI_OPT_EFA_SENDRECV_IN_ORDER_ALIGNED_128_BYTES not supported.
ip-10-1-76-53:40443:40602 [1] NCCL INFO NET/OFI Setting NCCL_PROTO to "simple"
ip-10-1-76-53:40445:40601 [3] NCCL INFO NET/OFI Setting FI_OPT_EFA_SENDRECV_IN_ORDER_ALIGNED_128_BYTES not supported.
ip-10-1-76-53:40445:40601 [3] NCCL INFO NET/OFI Setting NCCL_PROTO to "simple"
ip-10-1-76-53:40442:40599 [0] NCCL INFO NET/OFI Setting FI_OPT_EFA_SENDRECV_IN_ORDER_ALIGNED_128_BYTES not supported.
ip-10-1-76-53:40442:40599 [0] NCCL INFO NET/OFI Setting NCCL_PROTO to "simple"
ip-10-1-76-53:40444:40600 [2] NCCL INFO Using network AWS Libfabric
ip-10-1-76-53:40444:40600 [2] NCCL INFO DMA-BUF is available on GPU device 2
ip-10-1-76-53:40445:40601 [3] NCCL INFO Using network AWS Libfabric
ip-10-1-76-53:40445:40601 [3] NCCL INFO DMA-BUF is available on GPU device 3
ip-10-1-76-53:40442:40599 [0] NCCL INFO Using network AWS Libfabric
ip-10-1-76-53:40442:40599 [0] NCCL INFO DMA-BUF is available on GPU device 0
ip-10-1-76-53:40443:40602 [1] NCCL INFO Using network AWS Libfabric
ip-10-1-76-53:40443:40602 [1] NCCL INFO DMA-BUF is available on GPU device 1
ip-10-1-76-53:40445:40601 [3] NCCL INFO NET/OFI Libfabric provider associates MRs with domains
ip-10-1-76-53:40442:40599 [0] NCCL INFO NET/OFI Libfabric provider associates MRs with domains
ip-10-1-76-53:40444:40600 [2] NCCL INFO NET/OFI Libfabric provider associates MRs with domains
ip-10-1-76-53:40443:40602 [1] NCCL INFO NET/OFI Libfabric provider associates MRs with domains
ip-10-1-76-53:40445:40601 [3] NCCL INFO NCCL_IGNORE_DISABLED_P2P set by environment to 1.
ip-10-1-76-53:40442:40599 [0] NCCL INFO NCCL_IGNORE_DISABLED_P2P set by environment to 1.
ip-10-1-76-53:40444:40600 [2] NCCL INFO NCCL_IGNORE_DISABLED_P2P set by environment to 1.
ip-10-1-76-53:40443:40602 [1] NCCL INFO NCCL_IGNORE_DISABLED_P2P set by environment to 1.
ip-10-1-76-53:40445:40601 [3] NCCL INFO Trees [0] -1/-1/-1->3->2 [1] -1/-1/-1->3->2
ip-10-1-76-53:40443:40602 [1] NCCL INFO Trees [0] 2/-1/-1->1->0 [1] 2/-1/-1->1->0
ip-10-1-76-53:40444:40600 [2] NCCL INFO Trees [0] 3/-1/-1->2->1 [1] 3/-1/-1->2->1
ip-10-1-76-53:40442:40599 [0] NCCL INFO Channel 00/02 :    0   1   2   3
ip-10-1-76-53:40442:40599 [0] NCCL INFO Channel 01/02 :    0   1   2   3
ip-10-1-76-53:40442:40599 [0] NCCL INFO Trees [0] 1/-1/-1->0->-1 [1] 1/-1/-1->0->-1
ip-10-1-76-53:40443:40602 [1] NCCL INFO Channel 00 : 1[1c0] -> 2[1d0] via SHM/direct/direct
ip-10-1-76-53:40442:40599 [0] NCCL INFO Channel 00 : 0[1b0] -> 1[1c0] via SHM/direct/direct
ip-10-1-76-53:40443:40602 [1] NCCL INFO Channel 01 : 1[1c0] -> 2[1d0] via SHM/direct/direct
ip-10-1-76-53:40442:40599 [0] NCCL INFO Channel 01 : 0[1b0] -> 1[1c0] via SHM/direct/direct
ip-10-1-76-53:40445:40601 [3] NCCL INFO Channel 00 : 3[1e0] -> 0[1b0] via SHM/direct/direct
ip-10-1-76-53:40444:40600 [2] NCCL INFO Channel 00 : 2[1d0] -> 3[1e0] via SHM/direct/direct
ip-10-1-76-53:40445:40601 [3] NCCL INFO Channel 01 : 3[1e0] -> 0[1b0] via SHM/direct/direct
ip-10-1-76-53:40444:40600 [2] NCCL INFO Channel 01 : 2[1d0] -> 3[1e0] via SHM/direct/direct
ip-10-1-76-53:40443:40602 [1] NCCL INFO Connected all rings
ip-10-1-76-53:40442:40599 [0] NCCL INFO Connected all rings
ip-10-1-76-53:40444:40600 [2] NCCL INFO Connected all rings
ip-10-1-76-53:40445:40601 [3] NCCL INFO Connected all rings
ip-10-1-76-53:40445:40601 [3] NCCL INFO Channel 00 : 3[1e0] -> 2[1d0] via SHM/direct/direct
ip-10-1-76-53:40445:40601 [3] NCCL INFO Channel 01 : 3[1e0] -> 2[1d0] via SHM/direct/direct
ip-10-1-76-53:40443:40602 [1] NCCL INFO Channel 00 : 1[1c0] -> 0[1b0] via SHM/direct/direct
ip-10-1-76-53:40444:40600 [2] NCCL INFO Channel 00 : 2[1d0] -> 1[1c0] via SHM/direct/direct
ip-10-1-76-53:40443:40602 [1] NCCL INFO Channel 01 : 1[1c0] -> 0[1b0] via SHM/direct/direct
ip-10-1-76-53:40444:40600 [2] NCCL INFO Channel 01 : 2[1d0] -> 1[1c0] via SHM/direct/direct
ip-10-1-76-53:40442:40599 [0] NCCL INFO Connected all trees
ip-10-1-76-53:40442:40599 [0] NCCL INFO threadThresholds 8/8/64 | 32/8/64 | 512 | 512
ip-10-1-76-53:40442:40599 [0] NCCL INFO 2 coll channels, 2 p2p channels, 2 p2p channels per peer
ip-10-1-76-53:40445:40601 [3] NCCL INFO Connected all trees
ip-10-1-76-53:40445:40601 [3] NCCL INFO threadThresholds 8/8/64 | 32/8/64 | 512 | 512
ip-10-1-76-53:40445:40601 [3] NCCL INFO 2 coll channels, 2 p2p channels, 2 p2p channels per peer
ip-10-1-76-53:40443:40602 [1] NCCL INFO Connected all trees
ip-10-1-76-53:40443:40602 [1] NCCL INFO threadThresholds 8/8/64 | 32/8/64 | 512 | 512
ip-10-1-76-53:40443:40602 [1] NCCL INFO 2 coll channels, 2 p2p channels, 2 p2p channels per peer
ip-10-1-76-53:40444:40600 [2] NCCL INFO Connected all trees
ip-10-1-76-53:40444:40600 [2] NCCL INFO threadThresholds 8/8/64 | 32/8/64 | 512 | 512
ip-10-1-76-53:40444:40600 [2] NCCL INFO 2 coll channels, 2 p2p channels, 2 p2p channels per peer
ip-10-1-76-53:40444:40600 [2] NCCL INFO comm 0x14d39830 rank 2 nranks 4 cudaDev 2 busId 1d0 - Init COMPLETE
ip-10-1-76-53:40443:40602 [1] NCCL INFO comm 0x1547fa20 rank 1 nranks 4 cudaDev 1 busId 1c0 - Init COMPLETE
ip-10-1-76-53:40442:40599 [0] NCCL INFO comm 0x181cb7c0 rank 0 nranks 4 cudaDev 0 busId 1b0 - Init COMPLETE
ip-10-1-76-53:40445:40601 [3] NCCL INFO comm 0x173f6e30 rank 3 nranks 4 cudaDev 3 busId 1e0 - Init COMPLETE
[2024-06-26 07:51:39,895] [INFO] [logging.py:96:log_dist] [Rank 0] DeepSpeed Flops Profiler Enabled: False
[2024-06-26 07:51:39,899] [INFO] [logging.py:96:log_dist] [Rank 0] Using client Optimizer as basic optimizer
[2024-06-26 07:51:39,899] [INFO] [logging.py:96:log_dist] [Rank 0] Removing param_group that has no 'params' in the basic Optimizer
[2024-06-26 07:51:40,115] [INFO] [logging.py:96:log_dist] [Rank 0] DeepSpeed Basic Optimizer = AdamW
[2024-06-26 07:51:40,115] [INFO] [utils.py:56:is_zero_supported_optimizer] Checking ZeRO support for optimizer=AdamW type=<class 'torch.optim.adamw.AdamW'>
[2024-06-26 07:51:40,115] [INFO] [logging.py:96:log_dist] [Rank 0] Creating torch.float16 ZeRO stage 2 optimizer
[2024-06-26 07:51:40,115] [INFO] [stage_1_and_2.py:148:__init__] Reduce bucket size 500,000,000
[2024-06-26 07:51:40,115] [INFO] [stage_1_and_2.py:149:__init__] Allgather bucket size 500,000,000
[2024-06-26 07:51:40,115] [INFO] [stage_1_and_2.py:150:__init__] CPU Offload: False
[2024-06-26 07:51:40,115] [INFO] [stage_1_and_2.py:151:__init__] Round robin gradient partitioning: False
[2024-06-26 07:51:43,460] [INFO] [utils.py:781:see_memory_usage] Before initializing optimizer states
[2024-06-26 07:51:43,461] [INFO] [utils.py:782:see_memory_usage] MA 5.52 GB         Max_MA 6.31 GB         CA 6.79 GB         Max_CA 7 GB 
[2024-06-26 07:51:43,461] [INFO] [utils.py:789:see_memory_usage] CPU Virtual Memory:  used = 45.69 GB, percent = 12.2%
[2024-06-26 07:51:43,594] [INFO] [utils.py:781:see_memory_usage] After initializing optimizer states
[2024-06-26 07:51:43,595] [INFO] [utils.py:782:see_memory_usage] MA 5.52 GB         Max_MA 7.1 GB         CA 8.38 GB         Max_CA 8 GB 
[2024-06-26 07:51:43,595] [INFO] [utils.py:789:see_memory_usage] CPU Virtual Memory:  used = 45.69 GB, percent = 12.2%
[2024-06-26 07:51:43,595] [INFO] [stage_1_and_2.py:543:__init__] optimizer state initialized
[2024-06-26 07:51:43,728] [INFO] [utils.py:781:see_memory_usage] After initializing ZeRO optimizer
[2024-06-26 07:51:43,728] [INFO] [utils.py:782:see_memory_usage] MA 5.52 GB         Max_MA 5.52 GB         CA 8.38 GB         Max_CA 8 GB 
[2024-06-26 07:51:43,729] [INFO] [utils.py:789:see_memory_usage] CPU Virtual Memory:  used = 45.69 GB, percent = 12.2%
[2024-06-26 07:51:43,735] [INFO] [logging.py:96:log_dist] [Rank 0] DeepSpeed Final Optimizer = DeepSpeedZeroOptimizer
[2024-06-26 07:51:43,735] [INFO] [logging.py:96:log_dist] [Rank 0] DeepSpeed using client LR scheduler
[2024-06-26 07:51:43,735] [INFO] [logging.py:96:log_dist] [Rank 0] DeepSpeed LR Scheduler = None
[2024-06-26 07:51:43,735] [INFO] [logging.py:96:log_dist] [Rank 0] step=0, skipped=0, lr=[1e-05], mom=[(0.9, 0.999)]
[2024-06-26 07:51:43,738] [INFO] [config.py:1000:print] DeepSpeedEngine configuration:
[2024-06-26 07:51:43,738] [INFO] [config.py:1004:print]   activation_checkpointing_config  {
    "partition_activations": false, 
    "contiguous_memory_optimization": false, 
    "cpu_checkpointing": false, 
    "number_checkpoints": null, 
    "synchronize_checkpoint_boundary": false, 
    "profile": false
}
[2024-06-26 07:51:43,738] [INFO] [config.py:1004:print]   aio_config ................... {'block_size': 1048576, 'queue_depth': 8, 'thread_count': 1, 'single_submit': False, 'overlap_events': True}
[2024-06-26 07:51:43,738] [INFO] [config.py:1004:print]   amp_enabled .................. False
[2024-06-26 07:51:43,738] [INFO] [config.py:1004:print]   amp_params ................... False
[2024-06-26 07:51:43,739] [INFO] [config.py:1004:print]   autotuning_config ............ {
    "enabled": false, 
    "start_step": null, 
    "end_step": null, 
    "metric_path": null, 
    "arg_mappings": null, 
    "metric": "throughput", 
    "model_info": null, 
    "results_dir": "autotuning_results", 
    "exps_dir": "autotuning_exps", 
    "overwrite": true, 
    "fast": true, 
    "start_profile_step": 3, 
    "end_profile_step": 5, 
    "tuner_type": "gridsearch", 
    "tuner_early_stopping": 5, 
    "tuner_num_trials": 50, 
    "model_info_path": null, 
    "mp_size": 1, 
    "max_train_batch_size": null, 
    "min_train_batch_size": 1, 
    "max_train_micro_batch_size_per_gpu": 1.024000e+03, 
    "min_train_micro_batch_size_per_gpu": 1, 
    "num_tuning_micro_batch_sizes": 3
}
[2024-06-26 07:51:43,739] [INFO] [config.py:1004:print]   bfloat16_enabled ............. False
[2024-06-26 07:51:43,739] [INFO] [config.py:1004:print]   bfloat16_immediate_grad_update  False
[2024-06-26 07:51:43,739] [INFO] [config.py:1004:print]   checkpoint_parallel_write_pipeline  False
[2024-06-26 07:51:43,739] [INFO] [config.py:1004:print]   checkpoint_tag_validation_enabled  True
[2024-06-26 07:51:43,739] [INFO] [config.py:1004:print]   checkpoint_tag_validation_fail  False
[2024-06-26 07:51:43,739] [INFO] [config.py:1004:print]   comms_config ................. <deepspeed.comm.config.DeepSpeedCommsConfig object at 0x7f35b31cffd0>
[2024-06-26 07:51:43,739] [INFO] [config.py:1004:print]   communication_data_type ...... None
[2024-06-26 07:51:43,739] [INFO] [config.py:1004:print]   compile_config ............... enabled=False backend='inductor' kwargs={}
[2024-06-26 07:51:43,739] [INFO] [config.py:1004:print]   compression_config ........... {'weight_quantization': {'shared_parameters': {'enabled': False, 'quantizer_kernel': False, 'schedule_offset': 0, 'quantize_groups': 1, 'quantize_verbose': False, 'quantization_type': 'symmetric', 'quantize_weight_in_forward': False, 'rounding': 'nearest', 'fp16_mixed_quantize': False, 'quantize_change_ratio': 0.001}, 'different_groups': {}}, 'activation_quantization': {'shared_parameters': {'enabled': False, 'quantization_type': 'symmetric', 'range_calibration': 'dynamic', 'schedule_offset': 1000}, 'different_groups': {}}, 'sparse_pruning': {'shared_parameters': {'enabled': False, 'method': 'l1', 'schedule_offset': 1000}, 'different_groups': {}}, 'row_pruning': {'shared_parameters': {'enabled': False, 'method': 'l1', 'schedule_offset': 1000}, 'different_groups': {}}, 'head_pruning': {'shared_parameters': {'enabled': False, 'method': 'topk', 'schedule_offset': 1000}, 'different_groups': {}}, 'channel_pruning': {'shared_parameters': {'enabled': False, 'method': 'l1', 'schedule_offset': 1000}, 'different_groups': {}}, 'layer_reduction': {'enabled': False}}
[2024-06-26 07:51:43,739] [INFO] [config.py:1004:print]   curriculum_enabled_legacy .... False
[2024-06-26 07:51:43,739] [INFO] [config.py:1004:print]   curriculum_params_legacy ..... False
[2024-06-26 07:51:43,739] [INFO] [config.py:1004:print]   data_efficiency_config ....... {'enabled': False, 'seed': 1234, 'data_sampling': {'enabled': False, 'num_epochs': 1000, 'num_workers': 0, 'curriculum_learning': {'enabled': False}}, 'data_routing': {'enabled': False, 'random_ltd': {'enabled': False, 'layer_token_lr_schedule': {'enabled': False}}}}
[2024-06-26 07:51:43,739] [INFO] [config.py:1004:print]   data_efficiency_enabled ...... False
[2024-06-26 07:51:43,739] [INFO] [config.py:1004:print]   dataloader_drop_last ......... False
[2024-06-26 07:51:43,739] [INFO] [config.py:1004:print]   disable_allgather ............ False
[2024-06-26 07:51:43,739] [INFO] [config.py:1004:print]   dump_state ................... False
[2024-06-26 07:51:43,739] [INFO] [config.py:1004:print]   dynamic_loss_scale_args ...... None
[2024-06-26 07:51:43,739] [INFO] [config.py:1004:print]   eigenvalue_enabled ........... False
[2024-06-26 07:51:43,739] [INFO] [config.py:1004:print]   eigenvalue_gas_boundary_resolution  1
[2024-06-26 07:51:43,739] [INFO] [config.py:1004:print]   eigenvalue_layer_name ........ bert.encoder.layer
[2024-06-26 07:51:43,739] [INFO] [config.py:1004:print]   eigenvalue_layer_num ......... 0
[2024-06-26 07:51:43,739] [INFO] [config.py:1004:print]   eigenvalue_max_iter .......... 100
[2024-06-26 07:51:43,739] [INFO] [config.py:1004:print]   eigenvalue_stability ......... 1e-06
[2024-06-26 07:51:43,739] [INFO] [config.py:1004:print]   eigenvalue_tol ............... 0.01
[2024-06-26 07:51:43,739] [INFO] [config.py:1004:print]   eigenvalue_verbose ........... False
[2024-06-26 07:51:43,739] [INFO] [config.py:1004:print]   elasticity_enabled ........... False
[2024-06-26 07:51:43,739] [INFO] [config.py:1004:print]   flops_profiler_config ........ {
    "enabled": false, 
    "recompute_fwd_factor": 0.0, 
    "profile_step": 1, 
    "module_depth": -1, 
    "top_modules": 1, 
    "detailed": true, 
    "output_file": null
}
[2024-06-26 07:51:43,739] [INFO] [config.py:1004:print]   fp16_auto_cast ............... True
[2024-06-26 07:51:43,739] [INFO] [config.py:1004:print]   fp16_enabled ................. True
[2024-06-26 07:51:43,739] [INFO] [config.py:1004:print]   fp16_master_weights_and_gradients  False
[2024-06-26 07:51:43,739] [INFO] [config.py:1004:print]   global_rank .................. 0
[2024-06-26 07:51:43,739] [INFO] [config.py:1004:print]   grad_accum_dtype ............. None
[2024-06-26 07:51:43,740] [INFO] [config.py:1004:print]   gradient_accumulation_steps .. 1
[2024-06-26 07:51:43,740] [INFO] [config.py:1004:print]   gradient_clipping ............ 1.0
[2024-06-26 07:51:43,740] [INFO] [config.py:1004:print]   gradient_predivide_factor .... 1.0
[2024-06-26 07:51:43,740] [INFO] [config.py:1004:print]   graph_harvesting ............. False
[2024-06-26 07:51:43,740] [INFO] [config.py:1004:print]   hybrid_engine ................ enabled=False max_out_tokens=512 inference_tp_size=1 release_inference_cache=False pin_parameters=True tp_gather_partition_size=8
[2024-06-26 07:51:43,740] [INFO] [config.py:1004:print]   initial_dynamic_scale ........ 65536
[2024-06-26 07:51:43,740] [INFO] [config.py:1004:print]   load_universal_checkpoint .... False
[2024-06-26 07:51:43,740] [INFO] [config.py:1004:print]   loss_scale ................... 0
[2024-06-26 07:51:43,740] [INFO] [config.py:1004:print]   memory_breakdown ............. False
[2024-06-26 07:51:43,740] [INFO] [config.py:1004:print]   mics_hierarchial_params_gather  False
[2024-06-26 07:51:43,740] [INFO] [config.py:1004:print]   mics_shard_size .............. -1
[2024-06-26 07:51:43,740] [INFO] [config.py:1004:print]   monitor_config ............... tensorboard=TensorBoardConfig(enabled=False, output_path='', job_name='DeepSpeedJobName') comet=CometConfig(enabled=False, samples_log_interval=100, project=None, workspace=None, api_key=None, experiment_name=None, experiment_key=None, online=None, mode=None) wandb=WandbConfig(enabled=False, group=None, team=None, project='deepspeed') csv_monitor=CSVConfig(enabled=False, output_path='', job_name='DeepSpeedJobName') enabled=False
[2024-06-26 07:51:43,740] [INFO] [config.py:1004:print]   nebula_config ................ {
    "enabled": false, 
    "persistent_storage_path": null, 
    "persistent_time_interval": 100, 
    "num_of_version_in_retention": 2, 
    "enable_nebula_load": true, 
    "load_path": null
}
[2024-06-26 07:51:43,740] [INFO] [config.py:1004:print]   optimizer_legacy_fusion ...... False
[2024-06-26 07:51:43,740] [INFO] [config.py:1004:print]   optimizer_name ............... None
[2024-06-26 07:51:43,740] [INFO] [config.py:1004:print]   optimizer_params ............. None
[2024-06-26 07:51:43,740] [INFO] [config.py:1004:print]   pipeline ..................... {'stages': 'auto', 'partition': 'best', 'seed_layers': False, 'activation_checkpoint_interval': 0, 'pipe_partitioned': True, 'grad_partitioned': True}
[2024-06-26 07:51:43,740] [INFO] [config.py:1004:print]   pld_enabled .................. False
[2024-06-26 07:51:43,740] [INFO] [config.py:1004:print]   pld_params ................... False
[2024-06-26 07:51:43,740] [INFO] [config.py:1004:print]   prescale_gradients ........... False
[2024-06-26 07:51:43,740] [INFO] [config.py:1004:print]   scheduler_name ............... None
[2024-06-26 07:51:43,740] [INFO] [config.py:1004:print]   scheduler_params ............. None
[2024-06-26 07:51:43,740] [INFO] [config.py:1004:print]   seq_parallel_communication_data_type  torch.float32
[2024-06-26 07:51:43,740] [INFO] [config.py:1004:print]   sparse_attention ............. None
[2024-06-26 07:51:43,740] [INFO] [config.py:1004:print]   sparse_gradients_enabled ..... False
[2024-06-26 07:51:43,740] [INFO] [config.py:1004:print]   steps_per_print .............. inf
[2024-06-26 07:51:43,740] [INFO] [config.py:1004:print]   timers_config ................ enabled=True synchronized=True
[2024-06-26 07:51:43,740] [INFO] [config.py:1004:print]   train_batch_size ............. 8
[2024-06-26 07:51:43,740] [INFO] [config.py:1004:print]   train_micro_batch_size_per_gpu  2
[2024-06-26 07:51:43,740] [INFO] [config.py:1004:print]   use_data_before_expert_parallel_  False
[2024-06-26 07:51:43,740] [INFO] [config.py:1004:print]   use_node_local_storage ....... False
[2024-06-26 07:51:43,740] [INFO] [config.py:1004:print]   wall_clock_breakdown ......... False
[2024-06-26 07:51:43,740] [INFO] [config.py:1004:print]   weight_quantization_config ... None
[2024-06-26 07:51:43,740] [INFO] [config.py:1004:print]   world_size ................... 4
[2024-06-26 07:51:43,740] [INFO] [config.py:1004:print]   zero_allow_untested_optimizer  True
[2024-06-26 07:51:43,740] [INFO] [config.py:1004:print]   zero_config .................. stage=2 contiguous_gradients=True reduce_scatter=True reduce_bucket_size=500,000,000 use_multi_rank_bucket_allreduce=True allgather_partitions=True allgather_bucket_size=500,000,000 overlap_comm=False load_from_fp32_weights=True elastic_checkpoint=False offload_param=DeepSpeedZeroOffloadParamConfig(device='none', nvme_path=None, buffer_count=5, buffer_size=100,000,000, max_in_cpu=1,000,000,000, pin_memory=False) offload_optimizer=DeepSpeedZeroOffloadOptimizerConfig(device='none', nvme_path=None, buffer_count=4, pin_memory=False, pipeline=False, pipeline_read=False, pipeline_write=False, fast_init=False, ratio=1.0) sub_group_size=1,000,000,000 cpu_offload_param=None cpu_offload_use_pin_memory=None cpu_offload=None prefetch_bucket_size=50,000,000 param_persistence_threshold=100,000 model_persistence_threshold=sys.maxsize max_live_parameters=1,000,000,000 max_reuse_distance=1,000,000,000 gather_16bit_weights_on_model_save=False use_all_reduce_for_fetch_params=False stage3_gather_fp16_weights_on_model_save=False ignore_unused_parameters=True legacy_stage1=False round_robin_gradients=False zero_hpz_partition_size=1 zero_quantized_weights=False zero_quantized_nontrainable_weights=False zero_quantized_gradients=False mics_shard_size=-1 mics_hierarchical_params_gather=False memory_efficient_linear=True pipeline_loading_checkpoint=False override_module_apply=True
[2024-06-26 07:51:43,740] [INFO] [config.py:1004:print]   zero_enabled ................. True
[2024-06-26 07:51:43,740] [INFO] [config.py:1004:print]   zero_force_ds_cpu_optimizer .. True
[2024-06-26 07:51:43,741] [INFO] [config.py:1004:print]   zero_optimization_stage ...... 2
[2024-06-26 07:51:43,741] [INFO] [config.py:990:print_user_config]   json = {
    "train_batch_size": 8, 
    "train_micro_batch_size_per_gpu": 2, 
    "gradient_accumulation_steps": 1, 
    "zero_optimization": {
        "stage": 2, 
        "offload_optimizer": {
            "device": "none", 
            "nvme_path": null
        }, 
        "offload_param": {
            "device": "none", 
            "nvme_path": null
        }, 
        "stage3_gather_16bit_weights_on_model_save": false
    }, 
    "gradient_clipping": 1.0, 
    "steps_per_print": inf, 
    "fp16": {
        "enabled": true, 
        "auto_cast": true
    }, 
    "bf16": {
        "enabled": false
    }, 
    "zero_allow_untested_optimizer": true
}
06/26/2024 07:51:44 - INFO - __main__ - ***** Running training *****
06/26/2024 07:51:44 - INFO - __main__ -   Num examples = 34
06/26/2024 07:51:44 - INFO - __main__ -   Num Epochs = 40
06/26/2024 07:51:44 - INFO - __main__ -   Instantaneous batch size per device = 2
06/26/2024 07:51:44 - INFO - __main__ -   Total train batch size (w. parallel, distributed & accumulation) = 8
06/26/2024 07:51:44 - INFO - __main__ -   Gradient Accumulation steps = 1
06/26/2024 07:51:44 - INFO - __main__ -   Total optimization steps = 200
ip-10-1-76-53:40442:40620 [0] NCCL INFO Using network AWS Libfabric
ip-10-1-76-53:40442:40620 [0] NCCL INFO DMA-BUF is available on GPU device 0
ip-10-1-76-53:40444:40621 [2] NCCL INFO Using network AWS Libfabric
ip-10-1-76-53:40444:40621 [2] NCCL INFO DMA-BUF is available on GPU device 2
ip-10-1-76-53:40445:40622 [3] NCCL INFO Using network AWS Libfabric
ip-10-1-76-53:40443:40623 [1] NCCL INFO Using network AWS Libfabric
ip-10-1-76-53:40445:40622 [3] NCCL INFO DMA-BUF is available on GPU device 3
ip-10-1-76-53:40443:40623 [1] NCCL INFO DMA-BUF is available on GPU device 1
ip-10-1-76-53:40444:40621 [2] NCCL INFO NET/OFI Libfabric provider associates MRs with domains
ip-10-1-76-53:40442:40620 [0] NCCL INFO NET/OFI Libfabric provider associates MRs with domains
ip-10-1-76-53:40443:40623 [1] NCCL INFO NET/OFI Libfabric provider associates MRs with domains
ip-10-1-76-53:40445:40622 [3] NCCL INFO NET/OFI Libfabric provider associates MRs with domains
ip-10-1-76-53:40442:40620 [0] NCCL INFO Channel 00/02 :    0   1   2   3
ip-10-1-76-53:40442:40620 [0] NCCL INFO Channel 01/02 :    0   1   2   3
ip-10-1-76-53:40443:40623 [1] NCCL INFO Trees [0] 2/-1/-1->1->0 [1] 2/-1/-1->1->0
ip-10-1-76-53:40445:40622 [3] NCCL INFO Trees [0] -1/-1/-1->3->2 [1] -1/-1/-1->3->2
ip-10-1-76-53:40442:40620 [0] NCCL INFO Trees [0] 1/-1/-1->0->-1 [1] 1/-1/-1->0->-1
ip-10-1-76-53:40444:40621 [2] NCCL INFO Trees [0] 3/-1/-1->2->1 [1] 3/-1/-1->2->1
ip-10-1-76-53:40445:40622 [3] NCCL INFO Channel 00 : 3[1e0] -> 0[1b0] via SHM/direct/direct
ip-10-1-76-53:40444:40621 [2] NCCL INFO Channel 00 : 2[1d0] -> 3[1e0] via SHM/direct/direct
ip-10-1-76-53:40444:40621 [2] NCCL INFO Channel 01 : 2[1d0] -> 3[1e0] via SHM/direct/direct
ip-10-1-76-53:40445:40622 [3] NCCL INFO Channel 01 : 3[1e0] -> 0[1b0] via SHM/direct/direct
ip-10-1-76-53:40442:40620 [0] NCCL INFO Channel 00 : 0[1b0] -> 1[1c0] via SHM/direct/direct
ip-10-1-76-53:40443:40623 [1] NCCL INFO Channel 00 : 1[1c0] -> 2[1d0] via SHM/direct/direct
ip-10-1-76-53:40442:40620 [0] NCCL INFO Channel 01 : 0[1b0] -> 1[1c0] via SHM/direct/direct
ip-10-1-76-53:40443:40623 [1] NCCL INFO Channel 01 : 1[1c0] -> 2[1d0] via SHM/direct/direct
ip-10-1-76-53:40444:40621 [2] NCCL INFO Connected all rings
ip-10-1-76-53:40445:40622 [3] NCCL INFO Connected all rings
ip-10-1-76-53:40442:40620 [0] NCCL INFO Connected all rings
ip-10-1-76-53:40443:40623 [1] NCCL INFO Connected all rings
ip-10-1-76-53:40445:40622 [3] NCCL INFO Channel 00 : 3[1e0] -> 2[1d0] via SHM/direct/direct
ip-10-1-76-53:40445:40622 [3] NCCL INFO Channel 01 : 3[1e0] -> 2[1d0] via SHM/direct/direct
ip-10-1-76-53:40444:40621 [2] NCCL INFO Channel 00 : 2[1d0] -> 1[1c0] via SHM/direct/direct
ip-10-1-76-53:40443:40623 [1] NCCL INFO Channel 00 : 1[1c0] -> 0[1b0] via SHM/direct/direct
ip-10-1-76-53:40444:40621 [2] NCCL INFO Channel 01 : 2[1d0] -> 1[1c0] via SHM/direct/direct
ip-10-1-76-53:40443:40623 [1] NCCL INFO Channel 01 : 1[1c0] -> 0[1b0] via SHM/direct/direct
ip-10-1-76-53:40442:40620 [0] NCCL INFO Connected all trees
ip-10-1-76-53:40442:40620 [0] NCCL INFO threadThresholds 8/8/64 | 32/8/64 | 512 | 512
ip-10-1-76-53:40442:40620 [0] NCCL INFO 2 coll channels, 2 p2p channels, 2 p2p channels per peer
ip-10-1-76-53:40445:40622 [3] NCCL INFO Connected all trees
ip-10-1-76-53:40445:40622 [3] NCCL INFO threadThresholds 8/8/64 | 32/8/64 | 512 | 512
ip-10-1-76-53:40445:40622 [3] NCCL INFO 2 coll channels, 2 p2p channels, 2 p2p channels per peer
ip-10-1-76-53:40444:40621 [2] NCCL INFO Connected all trees
ip-10-1-76-53:40444:40621 [2] NCCL INFO threadThresholds 8/8/64 | 32/8/64 | 512 | 512
ip-10-1-76-53:40444:40621 [2] NCCL INFO 2 coll channels, 2 p2p channels, 2 p2p channels per peer
ip-10-1-76-53:40443:40623 [1] NCCL INFO Connected all trees
ip-10-1-76-53:40443:40623 [1] NCCL INFO threadThresholds 8/8/64 | 32/8/64 | 512 | 512
ip-10-1-76-53:40443:40623 [1] NCCL INFO 2 coll channels, 2 p2p channels, 2 p2p channels per peer
ip-10-1-76-53:40445:40622 [3] NCCL INFO comm 0x134e14c0 rank 3 nranks 4 cudaDev 3 busId 1e0 - Init COMPLETE
ip-10-1-76-53:40442:40620 [0] NCCL INFO comm 0xb6b19bd0 rank 0 nranks 4 cudaDev 0 busId 1b0 - Init COMPLETE
ip-10-1-76-53:40444:40621 [2] NCCL INFO comm 0xd419980 rank 2 nranks 4 cudaDev 2 busId 1d0 - Init COMPLETE
ip-10-1-76-53:40443:40623 [1] NCCL INFO comm 0x10010e00 rank 1 nranks 4 cudaDev 1 busId 1c0 - Init COMPLETE
[2024-06-26 07:52:24,801] [INFO] [loss_scaler.py:183:update_scale] [deepspeed] OVERFLOW! Rank 0 Skipping step. Attempted loss scale: 4294967296, reducing to 2147483648
[2024-06-26 07:52:27,438] [INFO] [loss_scaler.py:183:update_scale] [deepspeed] OVERFLOW! Rank 0 Skipping step. Attempted loss scale: 2147483648, reducing to 1073741824
[2024-06-26 07:52:30,064] [INFO] [loss_scaler.py:183:update_scale] [deepspeed] OVERFLOW! Rank 0 Skipping step. Attempted loss scale: 1073741824, reducing to 536870912
[2024-06-26 07:52:32,695] [INFO] [loss_scaler.py:183:update_scale] [deepspeed] OVERFLOW! Rank 0 Skipping step. Attempted loss scale: 536870912, reducing to 268435456
[2024-06-26 07:52:35,515] [INFO] [loss_scaler.py:183:update_scale] [deepspeed] OVERFLOW! Rank 0 Skipping step. Attempted loss scale: 268435456, reducing to 134217728
[2024-06-26 07:52:39,359] [INFO] [loss_scaler.py:183:update_scale] [deepspeed] OVERFLOW! Rank 0 Skipping step. Attempted loss scale: 134217728, reducing to 67108864
  0%|          | 0/200 [00:00<?, ?it/s]Steps:   0%|          | 0/200 [00:00<?, ?it/s]Steps:   0%|          | 1/200 [00:40<2:15:08, 40.75s/it]Steps:   0%|          | 1/200 [00:40<2:15:08, 40.75s/it, lr=1e-5, step_loss=1.16]Steps:   1%|          | 2/200 [00:43<1:00:29, 18.33s/it, lr=1e-5, step_loss=1.16]Steps:   1%|          | 2/200 [00:43<1:00:29, 18.33s/it, lr=1e-5, step_loss=2.05]Steps:   2%|▏         | 3/200 [00:46<36:38, 11.16s/it, lr=1e-5, step_loss=2.05]  Steps:   2%|▏         | 3/200 [00:46<36:38, 11.16s/it, lr=1e-5, step_loss=1.02]Steps:   2%|▏         | 4/200 [00:48<25:27,  7.79s/it, lr=1e-5, step_loss=1.02]Steps:   2%|▏         | 4/200 [00:48<25:27,  7.79s/it, lr=1e-5, step_loss=1.58]Steps:   2%|▎         | 5/200 [00:51<19:29,  6.00s/it, lr=1e-5, step_loss=1.58]Steps:   2%|▎         | 5/200 [00:51<19:29,  6.00s/it, lr=1e-5, step_loss=1.44]Steps:   3%|▎         | 6/200 [00:55<17:01,  5.27s/it, lr=1e-5, step_loss=1.44]Steps:   3%|▎         | 6/200 [00:55<17:01,  5.27s/it, [2024-06-26 07:52:41,986] [INFO] [loss_scaler.py:183:update_scale] [deepspeed] OVERFLOW! Rank 0 Skipping step. Attempted loss scale: 67108864, reducing to 33554432
[2024-06-26 07:52:44,619] [INFO] [loss_scaler.py:183:update_scale] [deepspeed] OVERFLOW! Rank 0 Skipping step. Attempted loss scale: 33554432, reducing to 16777216
[2024-06-26 07:52:47,251] [INFO] [loss_scaler.py:183:update_scale] [deepspeed] OVERFLOW! Rank 0 Skipping step. Attempted loss scale: 16777216, reducing to 8388608
[2024-06-26 07:52:50,031] [INFO] [loss_scaler.py:183:update_scale] [deepspeed] OVERFLOW! Rank 0 Skipping step. Attempted loss scale: 8388608, reducing to 4194304
[2024-06-26 07:52:53,975] [INFO] [loss_scaler.py:183:update_scale] [deepspeed] OVERFLOW! Rank 0 Skipping step. Attempted loss scale: 4194304, reducing to 2097152
[2024-06-26 07:52:56,599] [INFO] [loss_scaler.py:183:update_scale] [deepspeed] OVERFLOW! Rank 0 Skipping step. Attempted loss scale: 2097152, reducing to 1048576
[2024-06-26 07:52:59,234] [INFO] [loss_scaler.py:183:update_scale] [deepspeed] OVERFLOW! Rank 0 Skipping step. Attempted loss scale: 1048576, reducing to 524288
lr=1e-5, step_loss=2.76]Steps:   4%|▎         | 7/200 [00:57<14:09,  4.40s/it, lr=1e-5, step_loss=2.76]Steps:   4%|▎         | 7/200 [00:57<14:09,  4.40s/it, lr=1e-5, step_loss=2.22]Steps:   4%|▍         | 8/200 [01:00<12:17,  3.84s/it, lr=1e-5, step_loss=2.22]Steps:   4%|▍         | 8/200 [01:00<12:17,  3.84s/it, lr=1e-5, step_loss=0.301]Steps:   4%|▍         | 9/200 [01:03<11:01,  3.46s/it, lr=1e-5, step_loss=0.301]Steps:   4%|▍         | 9/200 [01:03<11:01,  3.46s/it, lr=1e-5, step_loss=2.21] Steps:   5%|▌         | 10/200 [01:05<10:17,  3.25s/it, lr=1e-5, step_loss=2.21]Steps:   5%|▌         | 10/200 [01:05<10:17,  3.25s/it, lr=1e-5, step_loss=1.08]Steps:   6%|▌         | 11/200 [01:09<10:54,  3.46s/it, lr=1e-5, step_loss=1.08]Steps:   6%|▌         | 11/200 [01:09<10:54,  3.46s/it, lr=1e-5, step_loss=1.78]Steps:   6%|▌         | 12/200 [01:12<10:03,  3.21s/it, lr=1e-5, step_loss=1.78]Steps:   6%|▌         | 12/200 [01:12<10:03,  3.21s/it, lr=1e-5, step_loss=2.29]Steps:[2024-06-26 07:53:01,864] [INFO] [loss_scaler.py:183:update_scale] [deepspeed] OVERFLOW! Rank 0 Skipping step. Attempted loss scale: 524288, reducing to 262144
[2024-06-26 07:53:03,466] [INFO] [loss_scaler.py:183:update_scale] [deepspeed] OVERFLOW! Rank 0 Skipping step. Attempted loss scale: 262144, reducing to 131072
[2024-06-26 07:53:07,544] [INFO] [loss_scaler.py:183:update_scale] [deepspeed] OVERFLOW! Rank 0 Skipping step. Attempted loss scale: 131072, reducing to 65536
   6%|▋         | 13/200 [01:15<09:27,  3.03s/it, lr=1e-5, step_loss=2.29]Steps:   6%|▋         | 13/200 [01:15<09:27,  3.03s/it, lr=1e-5, step_loss=2.33]Steps:   7%|▋         | 14/200 [01:17<09:01,  2.91s/it, lr=1e-5, step_loss=2.33]Steps:   7%|▋         | 14/200 [01:17<09:01,  2.91s/it, lr=1e-5, step_loss=2.28]Steps:   8%|▊         | 15/200 [01:19<07:45,  2.52s/it, lr=1e-5, step_loss=2.28]Steps:   8%|▊         | 15/200 [01:19<07:45,  2.52s/it, lr=1e-5, step_loss=1.46]Steps:   8%|▊         | 16/200 [01:23<09:09,  2.99s/it, lr=1e-5, step_loss=1.46]Steps:   8%|▊         | 16/200 [01:23<09:09,  2.99s/it, lr=1e-5, step_loss=2.4] Steps:   8%|▊         | 17/200 [01:28<11:13,  3.68s/it, lr=1e-5, step_loss=2.4]Steps:   8%|▊         | 17/200 [01:28<11:13,  3.68s/it, lr=1e-5, step_loss=2.28]Steps:   9%|▉         | 18/200 [01:34<12:46,  4.21s/it, lr=1e-5, step_loss=2.28]Steps:   9%|▉         | 18/200 [01:34<12:46,  4.21s/it, lr=1e-5, step_loss=0.999]Steps:  10%|▉         | 19/200 [01:39<13:25,  4.45s/it, lr=1e-5, step_loss=0.999]Steps:  10%|▉         | 19/200 [01:39<13:25,  4.45s/it, lr=1e-5, step_loss=0.876]Steps:  10%|█         | 20/200 [01:44<13:55,  4.64s/it, lr=1e-5, step_loss=0.876]Steps:  10%|█         | 20/200 [01:44<13:55,  4.64s/it, lr=1e-5, step_loss=1.77] Steps:  10%|█         | 21/200 [01:50<15:18,  5.13s/it, lr=1e-5, step_loss=1.77]Steps:  10%|█         | 21/200 [01:50<15:18,  5.13s/it, lr=1e-5, step_loss=1.87]Steps:  11%|█         | 22/200 [01:55<15:02,  5.07s/it, lr=1e-5, step_loss=1.87]Steps:  11%|█         | 22/200 [01:55<15:02,  5.07s/it, lr=1e-5, step_loss=0.821]Steps:  12%|█▏        | 23/200 [02:00<14:50,  5.03s/it, lr=1e-5, step_loss=0.821]Steps:  12%|█▏        | 23/200 [02:00<14:50,  5.03s/it, lr=1e-5, step_loss=1.2]  Steps:  12%|█▏        | 24/200 [02:05<14:41,  5.01s/it, lr=1e-5, step_loss=1.2]Steps:  12%|█▏        | 24/200 [02:05<14:41,  5.01s/it, lr=1e-5, step_loss=1.79]Steps:  12%|█▎        | 25/200 [02:10<14:49,  5.09s/it, lr=1e-5, step_loss=1.79]Steps:  12%|█▎        | 25/200 [02:10<14:49,  5.09s/it, lr=1e-5, step_loss=0.401]Steps:  13%|█▎        | 26/200 [02:16<15:41,  5.41s/it, lr=1e-5, step_loss=0.401]Steps:  13%|█▎        | 26/200 [02:16<15:41,  5.41s/it, lr=1e-5, step_loss=0.645]Steps:  14%|█▎        | 27/200 [02:20<14:09,  4.91s/it, lr=1e-5, step_loss=0.645]Steps:  14%|█▎        | 27/200 [02:20<14:09,  4.91s/it, lr=1e-5, step_loss=0.635]Steps:  14%|█▍        | 28/200 [02:25<14:05,  4.92s/it, lr=1e-5, step_loss=0.635]Steps:  14%|█▍        | 28/200 [02:25<14:05,  4.92s/it, lr=1e-5, step_loss=0.927]Steps:  14%|█▍        | 29/200 [02:30<14:07,  4.96s/it, lr=1e-5, step_loss=0.927]Steps:  14%|█▍        | 29/200 [02:30<14:07,  4.96s/it, lr=1e-5, step_loss=1.9]  Steps:  15%|█▌        | 30/200 [02:35<14:10,  5.00s/it, lr=1e-5, step_loss=1.9]Steps:  15%|█▌        | 30/200 [02:35<14:10,  5.00s/it, lr=1e-5, step_loss=1.68]Steps:  16%|█▌        | 31/200 [02:41<15:07,  5.37s/it, lr=1e-5, step_loss=1.68]Steps:  16%|█▌        | 31/200 [02:41<15:07,  5.37s/it, lr=1e-5, step_loss=1.05]Steps:  16%|█▌        | 32/200 [02:46<14:43,  5.26s/it, lr=1e-5, step_loss=1.05]Steps:  16%|█▌        | 32/200 [02:46<14:43,  5.26s/it, lr=1e-5, step_loss=0.424]Steps:  16%|█▋        | 33/200 [02:52<14:30,  5.21s/it, lr=1e-5, step_loss=0.424]Steps:  16%|█▋        | 33/200 [02:52<14:30,  5.21s/it, lr=1e-5, step_loss=0.862]Steps:  17%|█▋        | 34/200 [02:56<14:10,  5.13s/it, lr=1e-5, step_loss=0.862]Steps:  17%|█▋        | 34/200 [02:56<14:10,  5.13s/it, lr=1e-5, step_loss=0.886]Steps:  18%|█▊        | 35/200 [03:01<14:01,  5.10s/it, lr=1e-5, step_loss=0.886]Steps:  18%|█▊        | 35/200 [03:01<14:01,  5.10s/it, lr=1e-5, step_loss=0.874]Steps:  18%|█▊        | 36/200 [03:08<14:55,  5.46s/it, lr=1e-5, step_loss=0.874]Steps:  18%|█▊        | 36/200 [03:08<14:55,  5.46s/it, lr=1e-5, step_loss=0.175]Steps:  18%|█▊        | 37/200 [03: