[2024-06-26 08:20:14,761] [INFO] [real_accelerator.py:203:get_accelerator] Setting ds_accelerator to cuda (auto detect)
[2024-06-26 08:20:14,894] [INFO] [real_accelerator.py:203:get_accelerator] Setting ds_accelerator to cuda (auto detect)
[93m [WARNING] [0m async_io requires the dev libaio .so object and headers but these were not found.
[93m [WARNING] [0m async_io: please install the libaio-dev package with apt
[93m [WARNING] [0m If libaio is already installed (perhaps from source), try setting the CFLAGS and LDFLAGS environment variables to where it can be found.
[93m [WARNING] [0m Please specify the CUTLASS repo directory as environment variable $CUTLASS_PATH
[93m [WARNING] [0m sparse_attn requires a torch version >= 1.5 and < 2.0 but detected 2.0
[93m [WARNING] [0m using untested triton version (2.0.0), only 1.0.0 is known to be compatible
[93m [WARNING] [0m async_io requires the dev libaio .so object and headers but these were not found.
[93m [WARNING] [0m async_io: please install the libaio-dev package with apt
[93m [WARNING] [0m If libaio is already installed (perhaps from source), try setting the CFLAGS and LDFLAGS environment variables to where it can be found.
[93m [WARNING] [0m Please specify the CUTLASS repo directory as environment variable $CUTLASS_PATH
[93m [WARNING] [0m sparse_attn requires a torch version >= 1.5 and < 2.0 but detected 2.0
[93m [WARNING] [0m using untested triton version (2.0.0), only 1.0.0 is known to be compatible
/fsx/ubuntu/miniconda3/envs/videogen/lib/python3.10/site-packages/controlnet_aux/mediapipe_face/mediapipe_face_common.py:7: UserWarning: The module 'mediapipe' is not installed. The package will have limited functionality. Please install it using the command: pip install 'mediapipe'
  warnings.warn(
/fsx/ubuntu/miniconda3/envs/videogen/lib/python3.10/site-packages/controlnet_aux/segment_anything/modeling/tiny_vit_sam.py:654: UserWarning: Overwriting tiny_vit_5m_224 in registry with controlnet_aux.segment_anything.modeling.tiny_vit_sam.tiny_vit_5m_224. This is because the name being registered conflicts with an existing name. Please check if this is not expected.
  return register_model(fn_wrapper)
/fsx/ubuntu/miniconda3/envs/videogen/lib/python3.10/site-packages/controlnet_aux/segment_anything/modeling/tiny_vit_sam.py:654: UserWarning: Overwriting tiny_vit_11m_224 in registry with controlnet_aux.segment_anything.modeling.tiny_vit_sam.tiny_vit_11m_224. This is because the name being registered conflicts with an existing name. Please check if this is not expected.
  return register_model(fn_wrapper)
/fsx/ubuntu/miniconda3/envs/videogen/lib/python3.10/site-packages/controlnet_aux/segment_anything/modeling/tiny_vit_sam.py:654: UserWarning: Overwriting tiny_vit_21m_224 in registry with controlnet_aux.segment_anything.modeling.tiny_vit_sam.tiny_vit_21m_224. This is because the name being registered conflicts with an existing name. Please check if this is not expected.
  return register_model(fn_wrapper)
/fsx/ubuntu/miniconda3/envs/videogen/lib/python3.10/site-packages/controlnet_aux/segment_anything/modeling/tiny_vit_sam.py:654: UserWarning: Overwriting tiny_vit_21m_384 in registry with controlnet_aux.segment_anything.modeling.tiny_vit_sam.tiny_vit_21m_384. This is because the name being registered conflicts with an existing name. Please check if this is not expected.
  return register_model(fn_wrapper)
/fsx/ubuntu/miniconda3/envs/videogen/lib/python3.10/site-packages/controlnet_aux/segment_anything/modeling/tiny_vit_sam.py:654: UserWarning: Overwriting tiny_vit_21m_512 in registry with controlnet_aux.segment_anything.modeling.tiny_vit_sam.tiny_vit_21m_512. This is because the name being registered conflicts with an existing name. Please check if this is not expected.
  return register_model(fn_wrapper)
/fsx/ubuntu/miniconda3/envs/videogen/lib/python3.10/site-packages/controlnet_aux/mediapipe_face/mediapipe_face_common.py:7: UserWarning: The module 'mediapipe' is not installed. The package will have limited functionality. Please install it using the command: pip install 'mediapipe'
  warnings.warn(
/fsx/ubuntu/miniconda3/envs/videogen/lib/python3.10/site-packages/controlnet_aux/segment_anything/modeling/tiny_vit_sam.py:654: UserWarning: Overwriting tiny_vit_5m_224 in registry with controlnet_aux.segment_anything.modeling.tiny_vit_sam.tiny_vit_5m_224. This is because the name being registered conflicts with an existing name. Please check if this is not expected.
  return register_model(fn_wrapper)
/fsx/ubuntu/miniconda3/envs/videogen/lib/python3.10/site-packages/controlnet_aux/segment_anything/modeling/tiny_vit_sam.py:654: UserWarning: Overwriting tiny_vit_11m_224 in registry with controlnet_aux.segment_anything.modeling.tiny_vit_sam.tiny_vit_11m_224. This is because the name being registered conflicts with an existing name. Please check if this is not expected.
  return register_model(fn_wrapper)
/fsx/ubuntu/miniconda3/envs/videogen/lib/python3.10/site-packages/controlnet_aux/segment_anything/modeling/tiny_vit_sam.py:654: UserWarning: Overwriting tiny_vit_21m_224 in registry with controlnet_aux.segment_anything.modeling.tiny_vit_sam.tiny_vit_21m_224. This is because the name being registered conflicts with an existing name. Please check if this is not expected.
  return register_model(fn_wrapper)
/fsx/ubuntu/miniconda3/envs/videogen/lib/python3.10/site-packages/controlnet_aux/segment_anything/modeling/tiny_vit_sam.py:654: UserWarning: Overwriting tiny_vit_21m_384 in registry with controlnet_aux.segment_anything.modeling.tiny_vit_sam.tiny_vit_21m_384. This is because the name being registered conflicts with an existing name. Please check if this is not expected.
  return register_model(fn_wrapper)
/fsx/ubuntu/miniconda3/envs/videogen/lib/python3.10/site-packages/controlnet_aux/segment_anything/modeling/tiny_vit_sam.py:654: UserWarning: Overwriting tiny_vit_21m_512 in registry with controlnet_aux.segment_anything.modeling.tiny_vit_sam.tiny_vit_21m_512. This is because the name being registered conflicts with an existing name. Please check if this is not expected.
  return register_model(fn_wrapper)
/fsx/ubuntu/miniconda3/envs/videogen/lib/python3.10/site-packages/controlnet_aux/mediapipe_face/mediapipe_face_common.py:7: UserWarning: The module 'mediapipe' is not installed. The package will have limited functionality. Please install it using the command: pip install 'mediapipe'
  warnings.warn(
/fsx/ubuntu/miniconda3/envs/videogen/lib/python3.10/site-packages/controlnet_aux/segment_anything/modeling/tiny_vit_sam.py:654: UserWarning: Overwriting tiny_vit_5m_224 in registry with controlnet_aux.segment_anything.modeling.tiny_vit_sam.tiny_vit_5m_224. This is because the name being registered conflicts with an existing name. Please check if this is not expected.
  return register_model(fn_wrapper)
/fsx/ubuntu/miniconda3/envs/videogen/lib/python3.10/site-packages/controlnet_aux/segment_anything/modeling/tiny_vit_sam.py:654: UserWarning: Overwriting tiny_vit_11m_224 in registry with controlnet_aux.segment_anything.modeling.tiny_vit_sam.tiny_vit_11m_224. This is because the name being registered conflicts with an existing name. Please check if this is not expected.
  return register_model(fn_wrapper)
/fsx/ubuntu/miniconda3/envs/videogen/lib/python3.10/site-packages/controlnet_aux/segment_anything/modeling/tiny_vit_sam.py:654: UserWarning: Overwriting tiny_vit_21m_224 in registry with controlnet_aux.segment_anything.modeling.tiny_vit_sam.tiny_vit_21m_224. This is because the name being registered conflicts with an existing name. Please check if this is not expected.
  return register_model(fn_wrapper)
/fsx/ubuntu/miniconda3/envs/videogen/lib/python3.10/site-packages/controlnet_aux/segment_anything/modeling/tiny_vit_sam.py:654: UserWarning: Overwriting tiny_vit_21m_384 in registry with controlnet_aux.segment_anything.modeling.tiny_vit_sam.tiny_vit_21m_384. This is because the name being registered conflicts with an existing name. Please check if this is not expected.
  return register_model(fn_wrapper)
/fsx/ubuntu/miniconda3/envs/videogen/lib/python3.10/site-packages/controlnet_aux/segment_anything/modeling/tiny_vit_sam.py:654: UserWarning: Overwriting tiny_vit_21m_512 in registry with controlnet_aux.segment_anything.modeling.tiny_vit_sam.tiny_vit_21m_512. This is because the name being registered conflicts with an existing name. Please check if this is not expected.
  return register_model(fn_wrapper)
/fsx/ubuntu/miniconda3/envs/videogen/lib/python3.10/site-packages/controlnet_aux/mediapipe_face/mediapipe_face_common.py:7: UserWarning: The module 'mediapipe' is not installed. The package will have limited functionality. Please install it using the command: pip install 'mediapipe'
  warnings.warn(
/fsx/ubuntu/miniconda3/envs/videogen/lib/python3.10/site-packages/controlnet_aux/segment_anything/modeling/tiny_vit_sam.py:654: UserWarning: Overwriting tiny_vit_5m_224 in registry with controlnet_aux.segment_anything.modeling.tiny_vit_sam.tiny_vit_5m_224. This is because the name being registered conflicts with an existing name. Please check if this is not expected.
  return register_model(fn_wrapper)
/fsx/ubuntu/miniconda3/envs/videogen/lib/python3.10/site-packages/controlnet_aux/segment_anything/modeling/tiny_vit_sam.py:654: UserWarning: Overwriting tiny_vit_11m_224 in registry with controlnet_aux.segment_anything.modeling.tiny_vit_sam.tiny_vit_11m_224. This is because the name being registered conflicts with an existing name. Please check if this is not expected.
  return register_model(fn_wrapper)
/fsx/ubuntu/miniconda3/envs/videogen/lib/python3.10/site-packages/controlnet_aux/segment_anything/modeling/tiny_vit_sam.py:654: UserWarning: Overwriting tiny_vit_21m_224 in registry with controlnet_aux.segment_anything.modeling.tiny_vit_sam.tiny_vit_21m_224. This is because the name being registered conflicts with an existing name. Please check if this is not expected.
  return register_model(fn_wrapper)
/fsx/ubuntu/miniconda3/envs/videogen/lib/python3.10/site-packages/controlnet_aux/segment_anything/modeling/tiny_vit_sam.py:654: UserWarning: Overwriting tiny_vit_21m_384 in registry with controlnet_aux.segment_anything.modeling.tiny_vit_sam.tiny_vit_21m_384. This is because the name being registered conflicts with an existing name. Please check if this is not expected.
  return register_model(fn_wrapper)
/fsx/ubuntu/miniconda3/envs/videogen/lib/python3.10/site-packages/controlnet_aux/segment_anything/modeling/tiny_vit_sam.py:654: UserWarning: Overwriting tiny_vit_21m_512 in registry with controlnet_aux.segment_anything.modeling.tiny_vit_sam.tiny_vit_21m_512. This is because the name being registered conflicts with an existing name. Please check if this is not expected.
  return register_model(fn_wrapper)
[2024-06-26 08:20:25,826] [INFO] [real_accelerator.py:203:get_accelerator] Setting ds_accelerator to cuda (auto detect)
/fsx/ubuntu/miniconda3/envs/videogen/lib/python3.10/site-packages/controlnet_aux/mediapipe_face/mediapipe_face_common.py:7: UserWarning: The module 'mediapipe' is not installed. The package will have limited functionality. Please install it using the command: pip install 'mediapipe'
  warnings.warn(
/fsx/ubuntu/miniconda3/envs/videogen/lib/python3.10/site-packages/controlnet_aux/mediapipe_face/mediapipe_face_common.py:7: UserWarning: The module 'mediapipe' is not installed. The package will have limited functionality. Please install it using the command: pip install 'mediapipe'
  warnings.warn(
/fsx/ubuntu/miniconda3/envs/videogen/lib/python3.10/site-packages/controlnet_aux/mediapipe_face/mediapipe_face_common.py:7: UserWarning: The module 'mediapipe' is not installed. The package will have limited functionality. Please install it using the command: pip install 'mediapipe'
  warnings.warn(
/fsx/ubuntu/miniconda3/envs/videogen/lib/python3.10/site-packages/controlnet_aux/mediapipe_face/mediapipe_face_common.py:7: UserWarning: The module 'mediapipe' is not installed. The package will have limited functionality. Please install it using the command: pip install 'mediapipe'
  warnings.warn(
/fsx/ubuntu/miniconda3/envs/videogen/lib/python3.10/site-packages/controlnet_aux/segment_anything/modeling/tiny_vit_sam.py:654: UserWarning: Overwriting tiny_vit_5m_224 in registry with controlnet_aux.segment_anything.modeling.tiny_vit_sam.tiny_vit_5m_224. This is because the name being registered conflicts with an existing name. Please check if this is not expected.
  return register_model(fn_wrapper)
/fsx/ubuntu/miniconda3/envs/videogen/lib/python3.10/site-packages/controlnet_aux/segment_anything/modeling/tiny_vit_sam.py:654: UserWarning: Overwriting tiny_vit_11m_224 in registry with controlnet_aux.segment_anything.modeling.tiny_vit_sam.tiny_vit_11m_224. This is because the name being registered conflicts with an existing name. Please check if this is not expected.
  return register_model(fn_wrapper)
/fsx/ubuntu/miniconda3/envs/videogen/lib/python3.10/site-packages/controlnet_aux/segment_anything/modeling/tiny_vit_sam.py:654: UserWarning: Overwriting tiny_vit_21m_224 in registry with controlnet_aux.segment_anything.modeling.tiny_vit_sam.tiny_vit_21m_224. This is because the name being registered conflicts with an existing name. Please check if this is not expected.
  return register_model(fn_wrapper)
/fsx/ubuntu/miniconda3/envs/videogen/lib/python3.10/site-packages/controlnet_aux/segment_anything/modeling/tiny_vit_sam.py:654: UserWarning: Overwriting tiny_vit_21m_384 in registry with controlnet_aux.segment_anything.modeling.tiny_vit_sam.tiny_vit_21m_384. This is because the name being registered conflicts with an existing name. Please check if this is not expected.
  return register_model(fn_wrapper)
/fsx/ubuntu/miniconda3/envs/videogen/lib/python3.10/site-packages/controlnet_aux/segment_anything/modeling/tiny_vit_sam.py:654: UserWarning: Overwriting tiny_vit_21m_512 in registry with controlnet_aux.segment_anything.modeling.tiny_vit_sam.tiny_vit_21m_512. This is because the name being registered conflicts with an existing name. Please check if this is not expected.
  return register_model(fn_wrapper)
/fsx/ubuntu/miniconda3/envs/videogen/lib/python3.10/site-packages/controlnet_aux/segment_anything/modeling/tiny_vit_sam.py:654: UserWarning: Overwriting tiny_vit_5m_224 in registry with controlnet_aux.segment_anything.modeling.tiny_vit_sam.tiny_vit_5m_224. This is because the name being registered conflicts with an existing name. Please check if this is not expected.
  return register_model(fn_wrapper)
/fsx/ubuntu/miniconda3/envs/videogen/lib/python3.10/site-packages/controlnet_aux/segment_anything/modeling/tiny_vit_sam.py:654: UserWarning: Overwriting tiny_vit_11m_224 in registry with controlnet_aux.segment_anything.modeling.tiny_vit_sam.tiny_vit_11m_224. This is because the name being registered conflicts with an existing name. Please check if this is not expected.
  return register_model(fn_wrapper)
/fsx/ubuntu/miniconda3/envs/videogen/lib/python3.10/site-packages/controlnet_aux/segment_anything/modeling/tiny_vit_sam.py:654: UserWarning: Overwriting tiny_vit_21m_224 in registry with controlnet_aux.segment_anything.modeling.tiny_vit_sam.tiny_vit_21m_224. This is because the name being registered conflicts with an existing name. Please check if this is not expected.
  return register_model(fn_wrapper)
/fsx/ubuntu/miniconda3/envs/videogen/lib/python3.10/site-packages/controlnet_aux/segment_anything/modeling/tiny_vit_sam.py:654: UserWarning: Overwriting tiny_vit_21m_384 in registry with controlnet_aux.segment_anything.modeling.tiny_vit_sam.tiny_vit_21m_384. This is because the name being registered conflicts with an existing name. Please check if this is not expected.
  return register_model(fn_wrapper)
/fsx/ubuntu/miniconda3/envs/videogen/lib/python3.10/site-packages/controlnet_aux/segment_anything/modeling/tiny_vit_sam.py:654: UserWarning: Overwriting tiny_vit_21m_512 in registry with controlnet_aux.segment_anything.modeling.tiny_vit_sam.tiny_vit_21m_512. This is because the name being registered conflicts with an existing name. Please check if this is not expected.
  return register_model(fn_wrapper)
/fsx/ubuntu/miniconda3/envs/videogen/lib/python3.10/site-packages/controlnet_aux/segment_anything/modeling/tiny_vit_sam.py:654: UserWarning: Overwriting tiny_vit_5m_224 in registry with controlnet_aux.segment_anything.modeling.tiny_vit_sam.tiny_vit_5m_224. This is because the name being registered conflicts with an existing name. Please check if this is not expected.
  return register_model(fn_wrapper)
/fsx/ubuntu/miniconda3/envs/videogen/lib/python3.10/site-packages/controlnet_aux/segment_anything/modeling/tiny_vit_sam.py:654: UserWarning: Overwriting tiny_vit_11m_224 in registry with controlnet_aux.segment_anything.modeling.tiny_vit_sam.tiny_vit_11m_224. This is because the name being registered conflicts with an existing name. Please check if this is not expected.
  return register_model(fn_wrapper)
/fsx/ubuntu/miniconda3/envs/videogen/lib/python3.10/site-packages/controlnet_aux/segment_anything/modeling/tiny_vit_sam.py:654: UserWarning: Overwriting tiny_vit_21m_224 in registry with controlnet_aux.segment_anything.modeling.tiny_vit_sam.tiny_vit_21m_224. This is because the name being registered conflicts with an existing name. Please check if this is not expected.
  return register_model(fn_wrapper)
/fsx/ubuntu/miniconda3/envs/videogen/lib/python3.10/site-packages/controlnet_aux/segment_anything/modeling/tiny_vit_sam.py:654: UserWarning: Overwriting tiny_vit_21m_384 in registry with controlnet_aux.segment_anything.modeling.tiny_vit_sam.tiny_vit_21m_384. This is because the name being registered conflicts with an existing name. Please check if this is not expected.
  return register_model(fn_wrapper)
/fsx/ubuntu/miniconda3/envs/videogen/lib/python3.10/site-packages/controlnet_aux/segment_anything/modeling/tiny_vit_sam.py:654: UserWarning: Overwriting tiny_vit_21m_512 in registry with controlnet_aux.segment_anything.modeling.tiny_vit_sam.tiny_vit_21m_512. This is because the name being registered conflicts with an existing name. Please check if this is not expected.
  return register_model(fn_wrapper)
/fsx/ubuntu/miniconda3/envs/videogen/lib/python3.10/site-packages/controlnet_aux/segment_anything/modeling/tiny_vit_sam.py:654: UserWarning: Overwriting tiny_vit_5m_224 in registry with controlnet_aux.segment_anything.modeling.tiny_vit_sam.tiny_vit_5m_224. This is because the name being registered conflicts with an existing name. Please check if this is not expected.
  return register_model(fn_wrapper)
/fsx/ubuntu/miniconda3/envs/videogen/lib/python3.10/site-packages/controlnet_aux/segment_anything/modeling/tiny_vit_sam.py:654: UserWarning: Overwriting tiny_vit_11m_224 in registry with controlnet_aux.segment_anything.modeling.tiny_vit_sam.tiny_vit_11m_224. This is because the name being registered conflicts with an existing name. Please check if this is not expected.
  return register_model(fn_wrapper)
/fsx/ubuntu/miniconda3/envs/videogen/lib/python3.10/site-packages/controlnet_aux/segment_anything/modeling/tiny_vit_sam.py:654: UserWarning: Overwriting tiny_vit_21m_224 in registry with controlnet_aux.segment_anything.modeling.tiny_vit_sam.tiny_vit_21m_224. This is because the name being registered conflicts with an existing name. Please check if this is not expected.
  return register_model(fn_wrapper)
/fsx/ubuntu/miniconda3/envs/videogen/lib/python3.10/site-packages/controlnet_aux/segment_anything/modeling/tiny_vit_sam.py:654: UserWarning: Overwriting tiny_vit_21m_384 in registry with controlnet_aux.segment_anything.modeling.tiny_vit_sam.tiny_vit_21m_384. This is because the name being registered conflicts with an existing name. Please check if this is not expected.
  return register_model(fn_wrapper)
/fsx/ubuntu/miniconda3/envs/videogen/lib/python3.10/site-packages/controlnet_aux/segment_anything/modeling/tiny_vit_sam.py:654: UserWarning: Overwriting tiny_vit_21m_512 in registry with controlnet_aux.segment_anything.modeling.tiny_vit_sam.tiny_vit_21m_512. This is because the name being registered conflicts with an existing name. Please check if this is not expected.
  return register_model(fn_wrapper)
[2024-06-26 08:20:26,008] [INFO] [real_accelerator.py:203:get_accelerator] Setting ds_accelerator to cuda (auto detect)
[2024-06-26 08:20:26,022] [INFO] [real_accelerator.py:203:get_accelerator] Setting ds_accelerator to cuda (auto detect)
[93m [WARNING] [0m async_io requires the dev libaio .so object and headers but these were not found.
[2024-06-26 08:20:26,056] [INFO] [real_accelerator.py:203:get_accelerator] Setting ds_accelerator to cuda (auto detect)
[93m [WARNING] [0m async_io: please install the libaio-dev package with apt
[93m [WARNING] [0m If libaio is already installed (perhaps from source), try setting the CFLAGS and LDFLAGS environment variables to where it can be found.
[93m [WARNING] [0m Please specify the CUTLASS repo directory as environment variable $CUTLASS_PATH
[93m [WARNING] [0m async_io requires the dev libaio .so object and headers but these were not found.
[93m [WARNING] [0m async_io requires the dev libaio .so object and headers but these were not found.
[93m [WARNING] [0m async_io: please install the libaio-dev package with apt
[93m [WARNING] [0m If libaio is already installed (perhaps from source), try setting the CFLAGS and LDFLAGS environment variables to where it can be found.
[93m [WARNING] [0m Please specify the CUTLASS repo directory as environment variable $CUTLASS_PATH
[93m [WARNING] [0m async_io: please install the libaio-dev package with apt
[93m [WARNING] [0m If libaio is already installed (perhaps from source), try setting the CFLAGS and LDFLAGS environment variables to where it can be found.
[93m [WARNING] [0m Please specify the CUTLASS repo directory as environment variable $CUTLASS_PATH
[2024-06-26 08:20:26,250] [INFO] [real_accelerator.py:203:get_accelerator] Setting ds_accelerator to cuda (auto detect)
[2024-06-26 08:20:26,250] [INFO] [real_accelerator.py:203:get_accelerator] Setting ds_accelerator to cuda (auto detect)
[2024-06-26 08:20:26,252] [INFO] [real_accelerator.py:203:get_accelerator] Setting ds_accelerator to cuda (auto detect)
[93m [WARNING] [0m async_io requires the dev libaio .so object and headers but these were not found.
[2024-06-26 08:20:26,269] [INFO] [real_accelerator.py:203:get_accelerator] Setting ds_accelerator to cuda (auto detect)
[93m [WARNING] [0m async_io: please install the libaio-dev package with apt
[93m [WARNING] [0m If libaio is already installed (perhaps from source), try setting the CFLAGS and LDFLAGS environment variables to where it can be found.
[93m [WARNING] [0m Please specify the CUTLASS repo directory as environment variable $CUTLASS_PATH
[93m [WARNING] [0m async_io requires the dev libaio .so object and headers but these were not found.
[93m [WARNING] [0m async_io requires the dev libaio .so object and headers but these were not found.
[93m [WARNING] [0m async_io: please install the libaio-dev package with apt
[93m [WARNING] [0m If libaio is already installed (perhaps from source), try setting the CFLAGS and LDFLAGS environment variables to where it can be found.
[93m [WARNING] [0m Please specify the CUTLASS repo directory as environment variable $CUTLASS_PATH
[93m [WARNING] [0m async_io: please install the libaio-dev package with apt
[93m [WARNING] [0m If libaio is already installed (perhaps from source), try setting the CFLAGS and LDFLAGS environment variables to where it can be found.
[93m [WARNING] [0m Please specify the CUTLASS repo directory as environment variable $CUTLASS_PATH
[93m [WARNING] [0m async_io requires the dev libaio .so object and headers but these were not found.
[93m [WARNING] [0m async_io requires the dev libaio .so object and headers but these were not found.
[93m [WARNING] [0m async_io: please install the libaio-dev package with apt
[93m [WARNING] [0m If libaio is already installed (perhaps from source), try setting the CFLAGS and LDFLAGS environment variables to where it can be found.
[93m [WARNING] [0m Please specify the CUTLASS repo directory as environment variable $CUTLASS_PATH
[93m [WARNING] [0m async_io: please install the libaio-dev package with apt
[93m [WARNING] [0m If libaio is already installed (perhaps from source), try setting the CFLAGS and LDFLAGS environment variables to where it can be found.
[93m [WARNING] [0m Please specify the CUTLASS repo directory as environment variable $CUTLASS_PATH
[93m [WARNING] [0m sparse_attn requires a torch version >= 1.5 and < 2.0 but detected 2.0
[93m [WARNING] [0m using untested triton version (2.0.0), only 1.0.0 is known to be compatible
[93m [WARNING] [0m sparse_attn requires a torch version >= 1.5 and < 2.0 but detected 2.0
[93m [WARNING] [0m using untested triton version (2.0.0), only 1.0.0 is known to be compatible
[93m [WARNING] [0m sparse_attn requires a torch version >= 1.5 and < 2.0 but detected 2.0
[93m [WARNING] [0m using untested triton version (2.0.0), only 1.0.0 is known to be compatible
[93m [WARNING] [0m sparse_attn requires a torch version >= 1.5 and < 2.0 but detected 2.0
[93m [WARNING] [0m using untested triton version (2.0.0), only 1.0.0 is known to be compatible
[93m [WARNING] [0m sparse_attn requires a torch version >= 1.5 and < 2.0 but detected 2.0
[93m [WARNING] [0m using untested triton version (2.0.0), only 1.0.0 is known to be compatible
[93m [WARNING] [0m sparse_attn requires a torch version >= 1.5 and < 2.0 but detected 2.0
[93m [WARNING] [0m using untested triton version (2.0.0), only 1.0.0 is known to be compatible
[93m [WARNING] [0m sparse_attn requires a torch version >= 1.5 and < 2.0 but detected 2.0
[93m [WARNING] [0m using untested triton version (2.0.0), only 1.0.0 is known to be compatible
[93m [WARNING] [0m sparse_attn requires a torch version >= 1.5 and < 2.0 but detected 2.0
[93m [WARNING] [0m using untested triton version (2.0.0), only 1.0.0 is known to be compatible
[2024-06-26 08:20:29,410] [INFO] [comm.py:637:init_distributed] cdb=None
[2024-06-26 08:20:29,595] [INFO] [comm.py:637:init_distributed] cdb=None
[2024-06-26 08:20:29,617] [INFO] [comm.py:637:init_distributed] cdb=None
[2024-06-26 08:20:29,633] [INFO] [comm.py:637:init_distributed] cdb=None
[2024-06-26 08:20:29,826] [INFO] [comm.py:637:init_distributed] cdb=None
[2024-06-26 08:20:29,875] [INFO] [comm.py:637:init_distributed] cdb=None
[2024-06-26 08:20:29,885] [INFO] [comm.py:637:init_distributed] cdb=None
[2024-06-26 08:20:29,896] [INFO] [comm.py:637:init_distributed] cdb=None
[2024-06-26 08:20:29,896] [INFO] [comm.py:668:init_distributed] Initializing TorchBackend in DeepSpeed with backend nccl
06/26/2024 08:20:30 - INFO - __main__ - Distributed environment: DEEPSPEED  Backend: nccl
Num processes: 8
Process index: 1
Local process index: 1
Device: cuda:1

Mixed precision type: fp16
ds_config: {'train_batch_size': 'auto', 'train_micro_batch_size_per_gpu': 'auto', 'gradient_accumulation_steps': 1, 'zero_optimization': {'stage': 2, 'offload_optimizer': {'device': 'none', 'nvme_path': None}, 'offload_param': {'device': 'none', 'nvme_path': None}, 'stage3_gather_16bit_weights_on_model_save': False}, 'gradient_clipping': 1.0, 'steps_per_print': inf, 'fp16': {'enabled': True, 'auto_cast': True}, 'bf16': {'enabled': False}}

06/26/2024 08:20:30 - INFO - __main__ - Distributed environment: DEEPSPEED  Backend: nccl
Num processes: 8
Process index: 0
Local process index: 0
Device: cuda:0

Mixed precision type: fp16
ds_config: {'train_batch_size': 'auto', 'train_micro_batch_size_per_gpu': 'auto', 'gradient_accumulation_steps': 1, 'zero_optimization': {'stage': 2, 'offload_optimizer': {'device': 'none', 'nvme_path': None}, 'offload_param': {'device': 'none', 'nvme_path': None}, 'stage3_gather_16bit_weights_on_model_save': False}, 'gradient_clipping': 1.0, 'steps_per_print': inf, 'fp16': {'enabled': True, 'auto_cast': True}, 'bf16': {'enabled': False}}

06/26/2024 08:20:30 - INFO - __main__ - Distributed environment: DEEPSPEED  Backend: nccl
Num processes: 8
Process index: 5
Local process index: 1
Device: cuda:1

Mixed precision type: fp16
ds_config: {'train_batch_size': 'auto', 'train_micro_batch_size_per_gpu': 'auto', 'gradient_accumulation_steps': 1, 'zero_optimization': {'stage': 2, 'offload_optimizer': {'device': 'none', 'nvme_path': None}, 'offload_param': {'device': 'none', 'nvme_path': None}, 'stage3_gather_16bit_weights_on_model_save': False}, 'gradient_clipping': 1.0, 'steps_per_print': inf, 'fp16': {'enabled': True, 'auto_cast': True}, 'bf16': {'enabled': False}}

06/26/2024 08:20:30 - INFO - __main__ - Distributed environment: DEEPSPEED  Backend: nccl
Num processes: 8
Process index: 6
Local process index: 2
Device: cuda:2

Mixed precision type: fp16
ds_config: {'train_batch_size': 'auto', 'train_micro_batch_size_per_gpu': 'auto', 'gradient_accumulation_steps': 1, 'zero_optimization': {'stage': 2, 'offload_optimizer': {'device': 'none', 'nvme_path': None}, 'offload_param': {'device': 'none', 'nvme_path': None}, 'stage3_gather_16bit_weights_on_model_save': False}, 'gradient_clipping': 1.0, 'steps_per_print': inf, 'fp16': {'enabled': True, 'auto_cast': True}, 'bf16': {'enabled': False}}

06/26/2024 08:20:30 - INFO - __main__ - Distributed environment: DEEPSPEED  Backend: nccl
Num processes: 8
Process index: 4
Local process index: 0
Device: cuda:0

Mixed precision type: fp16
ds_config: {'train_batch_size': 'auto', 'train_micro_batch_size_per_gpu': 'auto', 'gradient_accumulation_steps': 1, 'zero_optimization': {'stage': 2, 'offload_optimizer': {'device': 'none', 'nvme_path': None}, 'offload_param': {'device': 'none', 'nvme_path': None}, 'stage3_gather_16bit_weights_on_model_save': False}, 'gradient_clipping': 1.0, 'steps_per_print': inf, 'fp16': {'enabled': True, 'auto_cast': True}, 'bf16': {'enabled': False}}

{'scaling_factor', 'force_upcast'} was not found in config. Values will be initialized to default values.
06/26/2024 08:20:30 - INFO - __main__ - Distributed environment: DEEPSPEED  Backend: nccl
Num processes: 8
Process index: 2
Local process index: 2
Device: cuda:2

Mixed precision type: fp16
ds_config: {'train_batch_size': 'auto', 'train_micro_batch_size_per_gpu': 'auto', 'gradient_accumulation_steps': 1, 'zero_optimization': {'stage': 2, 'offload_optimizer': {'device': 'none', 'nvme_path': None}, 'offload_param': {'device': 'none', 'nvme_path': None}, 'stage3_gather_16bit_weights_on_model_save': False}, 'gradient_clipping': 1.0, 'steps_per_print': inf, 'fp16': {'enabled': True, 'auto_cast': True}, 'bf16': {'enabled': False}}

06/26/2024 08:20:30 - INFO - __main__ - Distributed environment: DEEPSPEED  Backend: nccl
Num processes: 8
Process index: 3
Local process index: 3
Device: cuda:3

Mixed precision type: fp16
ds_config: {'train_batch_size': 'auto', 'train_micro_batch_size_per_gpu': 'auto', 'gradient_accumulation_steps': 1, 'zero_optimization': {'stage': 2, 'offload_optimizer': {'device': 'none', 'nvme_path': None}, 'offload_param': {'device': 'none', 'nvme_path': None}, 'stage3_gather_16bit_weights_on_model_save': False}, 'gradient_clipping': 1.0, 'steps_per_print': inf, 'fp16': {'enabled': True, 'auto_cast': True}, 'bf16': {'enabled': False}}

06/26/2024 08:20:30 - INFO - __main__ - Distributed environment: DEEPSPEED  Backend: nccl
Num processes: 8
Process index: 7
Local process index: 3
Device: cuda:3

Mixed precision type: fp16
ds_config: {'train_batch_size': 'auto', 'train_micro_batch_size_per_gpu': 'auto', 'gradient_accumulation_steps': 1, 'zero_optimization': {'stage': 2, 'offload_optimizer': {'device': 'none', 'nvme_path': None}, 'offload_param': {'device': 'none', 'nvme_path': None}, 'stage3_gather_16bit_weights_on_model_save': False}, 'gradient_clipping': 1.0, 'steps_per_print': inf, 'fp16': {'enabled': True, 'auto_cast': True}, 'bf16': {'enabled': False}}

{'scaling_factor', 'force_upcast'} was not found in config. Values will be initialized to default values.
{'cross_attention_norm', 'time_cond_proj_dim', 'timestep_post_act', 'reverse_transformer_layers_per_block', 'attention_type', 'conv_out_kernel', 'projection_class_embeddings_input_dim', 'class_embeddings_concat', 'addition_time_embed_dim', 'time_embedding_type', 'dropout', 'addition_embed_type_num_heads', 'transformer_layers_per_block', 'encoder_hid_dim_type', 'mid_block_only_cross_attention', 'addition_embed_type', 'class_embed_type', 'time_embedding_dim', 'resnet_out_scale_factor', 'num_attention_heads', 'conv_in_kernel', 'upcast_attention', 'time_embedding_act_fn', 'resnet_skip_time_act', 'resnet_time_scale_shift', 'encoder_hid_dim', 'mid_block_type'} was not found in config. Values will be initialized to default values.
{'reverse_transformer_layers_per_block', 'conv_in_kernel', 'timestep_post_act', 'time_embedding_dim', 'cross_attention_norm', 'dropout', 'mid_block_only_cross_attention', 'num_attention_heads', 'class_embeddings_concat', 'projection_class_embeddings_input_dim', 'transformer_layers_per_block', 'encoder_hid_dim_type', 'conv_out_kernel', 'encoder_hid_dim', 'time_embedding_act_fn', 'addition_embed_type', 'mid_block_type', 'upcast_attention', 'resnet_time_scale_shift', 'resnet_out_scale_factor', 'time_cond_proj_dim', 'time_embedding_type', 'class_embed_type', 'addition_embed_type_num_heads', 'addition_time_embed_dim', 'attention_type', 'resnet_skip_time_act'} was not found in config. Values will be initialized to default values.
Some weights of the model checkpoint were not used when initializing UNet2DConditionModel: 
 ['conv_norm_out.weight, conv_norm_out.bias, conv_out.weight, conv_out.bias']
Some weights of the model checkpoint were not used when initializing UNet2DConditionModel: 
 ['conv_norm_out.weight, conv_norm_out.bias, conv_out.weight, conv_out.bias']
06/26/2024 08:20:33 - INFO - src.models.unet_3d - loaded temporal unet's pretrained weights from pretrained_weights/sd-image-variations-diffusers/models--lambdalabs--sd-image-variations-diffusers/snapshots/42bc0ee1726b141d49f519a6ea02ccfbf073db2e/unet ...
06/26/2024 08:20:33 - INFO - src.models.unet_3d - loaded temporal unet's pretrained weights from pretrained_weights/sd-image-variations-diffusers/models--lambdalabs--sd-image-variations-diffusers/snapshots/42bc0ee1726b141d49f519a6ea02ccfbf073db2e/unet ...
{'motion_module_type', 'mode', 'task_type', 'motion_module_resolutions', 'upcast_attention', 'motion_module_decoder_only', 'class_embed_type', 'motion_module_kwargs', 'unet_use_cross_frame_attention', 'use_inflated_groupnorm', 'resnet_time_scale_shift', 'motion_module_mid_block'} was not found in config. Values will be initialized to default values.
06/26/2024 08:20:33 - INFO - src.models.unet_3d - loaded temporal unet's pretrained weights from pretrained_weights/sd-image-variations-diffusers/models--lambdalabs--sd-image-variations-diffusers/snapshots/42bc0ee1726b141d49f519a6ea02ccfbf073db2e/unet ...
06/26/2024 08:20:33 - INFO - src.models.unet_3d - loaded temporal unet's pretrained weights from pretrained_weights/sd-image-variations-diffusers/models--lambdalabs--sd-image-variations-diffusers/snapshots/42bc0ee1726b141d49f519a6ea02ccfbf073db2e/unet ...
{'task_type', 'motion_module_kwargs', 'resnet_time_scale_shift', 'motion_module_mid_block', 'motion_module_resolutions', 'motion_module_type', 'use_inflated_groupnorm', 'mode', 'class_embed_type', 'motion_module_decoder_only', 'upcast_attention', 'unet_use_cross_frame_attention'} was not found in config. Values will be initialized to default values.
06/26/2024 08:20:33 - INFO - src.models.unet_3d - loaded temporal unet's pretrained weights from pretrained_weights/sd-image-variations-diffusers/models--lambdalabs--sd-image-variations-diffusers/snapshots/42bc0ee1726b141d49f519a6ea02ccfbf073db2e/unet ...
06/26/2024 08:20:33 - INFO - src.models.unet_3d - loaded temporal unet's pretrained weights from pretrained_weights/sd-image-variations-diffusers/models--lambdalabs--sd-image-variations-diffusers/snapshots/42bc0ee1726b141d49f519a6ea02ccfbf073db2e/unet ...
06/26/2024 08:20:33 - INFO - src.models.unet_3d - loaded temporal unet's pretrained weights from pretrained_weights/sd-image-variations-diffusers/models--lambdalabs--sd-image-variations-diffusers/snapshots/42bc0ee1726b141d49f519a6ea02ccfbf073db2e/unet ...
06/26/2024 08:20:33 - INFO - src.models.unet_3d - loaded temporal unet's pretrained weights from pretrained_weights/sd-image-variations-diffusers/models--lambdalabs--sd-image-variations-diffusers/snapshots/42bc0ee1726b141d49f519a6ea02ccfbf073db2e/unet ...
06/26/2024 08:20:39 - INFO - src.models.unet_3d - Loaded 0.0M-parameter motion module
06/26/2024 08:20:39 - INFO - src.models.unet_3d - Loaded 0.0M-parameter motion module
06/26/2024 08:20:39 - INFO - src.models.unet_3d - Loaded 0.0M-parameter motion module
06/26/2024 08:20:39 - INFO - src.models.unet_3d - Loaded 0.0M-parameter motion module
06/26/2024 08:20:39 - INFO - src.models.unet_3d - Loaded 0.0M-parameter motion module
06/26/2024 08:20:39 - INFO - src.models.unet_3d - Loaded 0.0M-parameter motion module
06/26/2024 08:20:39 - INFO - src.models.unet_3d - Loaded 0.0M-parameter motion module
06/26/2024 08:20:40 - INFO - src.models.unet_3d - Loaded 0.0M-parameter motion module
[2024-06-26 08:20:42,681] [INFO] [logging.py:96:log_dist] [Rank 0] DeepSpeed info: version=0.14.3, git-hash=unknown, git-branch=unknown
06/26/2024 08:20:42 - INFO - torch.distributed.distributed_c10d - Added key: store_based_barrier_key:2 to store for rank: 3
06/26/2024 08:20:42 - INFO - torch.distributed.distributed_c10d - Added key: store_based_barrier_key:2 to store for rank: 0
06/26/2024 08:20:42 - INFO - torch.distributed.distributed_c10d - Added key: store_based_barrier_key:2 to store for rank: 1
06/26/2024 08:20:42 - INFO - torch.distributed.distributed_c10d - Added key: store_based_barrier_key:2 to store for rank: 2
06/26/2024 08:20:42 - INFO - torch.distributed.distributed_c10d - Added key: store_based_barrier_key:2 to store for rank: 7
06/26/2024 08:20:43 - INFO - torch.distributed.distributed_c10d - Added key: store_based_barrier_key:2 to store for rank: 5
06/26/2024 08:20:43 - INFO - torch.distributed.distributed_c10d - Added key: store_based_barrier_key:2 to store for rank: 6
06/26/2024 08:20:43 - INFO - torch.distributed.distributed_c10d - Rank 0: Completed store-based barrier for key:store_based_barrier_key:2 with 8 nodes.
06/26/2024 08:20:43 - INFO - torch.distributed.distributed_c10d - Added key: store_based_barrier_key:2 to store for rank: 4
06/26/2024 08:20:43 - INFO - torch.distributed.distributed_c10d - Rank 4: Completed store-based barrier for key:store_based_barrier_key:2 with 8 nodes.
06/26/2024 08:20:43 - INFO - torch.distributed.distributed_c10d - Rank 1: Completed store-based barrier for key:store_based_barrier_key:2 with 8 nodes.
06/26/2024 08:20:43 - INFO - torch.distributed.distributed_c10d - Rank 7: Completed store-based barrier for key:store_based_barrier_key:2 with 8 nodes.
06/26/2024 08:20:43 - INFO - torch.distributed.distributed_c10d - Rank 6: Completed store-based barrier for key:store_based_barrier_key:2 with 8 nodes.
06/26/2024 08:20:43 - INFO - torch.distributed.distributed_c10d - Rank 5: Completed store-based barrier for key:store_based_barrier_key:2 with 8 nodes.
06/26/2024 08:20:43 - INFO - torch.distributed.distributed_c10d - Rank 2: Completed store-based barrier for key:store_based_barrier_key:2 with 8 nodes.
06/26/2024 08:20:43 - INFO - torch.distributed.distributed_c10d - Rank 3: Completed store-based barrier for key:store_based_barrier_key:2 with 8 nodes.
libfabric:105432:1719390044::efa:domain:efa_domain_hmem_info_init_cuda():173<warn> Failed to register CUDA buffer with the EFA device, FI_HMEM transfers that require peer to peer support will fail.
libfabric:119975:1719390044::efa:domain:efa_domain_hmem_info_init_cuda():173<warn> Failed to register CUDA buffer with the EFA device, FI_HMEM transfers that require peer to peer support will fail.
libfabric:119976:1719390044::efa:domain:efa_domain_hmem_info_init_cuda():173<warn> Failed to register CUDA buffer with the EFA device, FI_HMEM transfers that require peer to peer support will fail.
libfabric:105433:1719390044::efa:domain:efa_domain_hmem_info_init_cuda():173<warn> Failed to register CUDA buffer with the EFA device, FI_HMEM transfers that require peer to peer support will fail.
libfabric:119974:1719390044::efa:domain:efa_domain_hmem_info_init_cuda():173<warn> Failed to register CUDA buffer with the EFA device, FI_HMEM transfers that require peer to peer support will fail.
libfabric:119973:1719390044::efa:domain:efa_domain_hmem_info_init_cuda():173<warn> Failed to register CUDA buffer with the EFA device, FI_HMEM transfers that require peer to peer support will fail.
libfabric:105434:1719390044::efa:domain:efa_domain_hmem_info_init_cuda():173<warn> Failed to register CUDA buffer with the EFA device, FI_HMEM transfers that require peer to peer support will fail.
libfabric:105435:1719390044::efa:domain:efa_domain_hmem_info_init_cuda():173<warn> Failed to register CUDA buffer with the EFA device, FI_HMEM transfers that require peer to peer support will fail.
[2024-06-26 08:20:44,978] [INFO] [logging.py:96:log_dist] [Rank 0] DeepSpeed Flops Profiler Enabled: False
[2024-06-26 08:20:44,981] [INFO] [logging.py:96:log_dist] [Rank 0] Using client Optimizer as basic optimizer
[2024-06-26 08:20:44,982] [INFO] [logging.py:96:log_dist] [Rank 0] Removing param_group that has no 'params' in the basic Optimizer
[2024-06-26 08:20:45,194] [INFO] [logging.py:96:log_dist] [Rank 0] DeepSpeed Basic Optimizer = AdamW
[2024-06-26 08:20:45,194] [INFO] [utils.py:56:is_zero_supported_optimizer] Checking ZeRO support for optimizer=AdamW type=<class 'torch.optim.adamw.AdamW'>
[2024-06-26 08:20:45,194] [INFO] [logging.py:96:log_dist] [Rank 0] Creating torch.float16 ZeRO stage 2 optimizer
[2024-06-26 08:20:45,194] [INFO] [stage_1_and_2.py:148:__init__] Reduce bucket size 500,000,000
[2024-06-26 08:20:45,194] [INFO] [stage_1_and_2.py:149:__init__] Allgather bucket size 500,000,000
[2024-06-26 08:20:45,194] [INFO] [stage_1_and_2.py:150:__init__] CPU Offload: False
[2024-06-26 08:20:45,194] [INFO] [stage_1_and_2.py:151:__init__] Round robin gradient partitioning: False
[2024-06-26 08:20:48,524] [INFO] [utils.py:781:see_memory_usage] Before initializing optimizer states
[2024-06-26 08:20:48,525] [INFO] [utils.py:782:see_memory_usage] MA 4.72 GB         Max_MA 5.12 GB         CA 5.6 GB         Max_CA 6 GB 
[2024-06-26 08:20:48,525] [INFO] [utils.py:789:see_memory_usage] CPU Virtual Memory:  used = 46.87 GB, percent = 12.5%
[2024-06-26 08:20:48,658] [INFO] [utils.py:781:see_memory_usage] After initializing optimizer states
[2024-06-26 08:20:48,658] [INFO] [utils.py:782:see_memory_usage] MA 4.72 GB         Max_MA 5.52 GB         CA 6.4 GB         Max_CA 6 GB 
[2024-06-26 08:20:48,658] [INFO] [utils.py:789:see_memory_usage] CPU Virtual Memory:  used = 46.87 GB, percent = 12.5%
[2024-06-26 08:20:48,658] [INFO] [stage_1_and_2.py:543:__init__] optimizer state initialized
[2024-06-26 08:20:48,790] [INFO] [utils.py:781:see_memory_usage] After initializing ZeRO optimizer
[2024-06-26 08:20:48,791] [INFO] [utils.py:782:see_memory_usage] MA 4.72 GB         Max_MA 4.72 GB         CA 6.4 GB         Max_CA 6 GB 
[2024-06-26 08:20:48,791] [INFO] [utils.py:789:see_memory_usage] CPU Virtual Memory:  used = 46.87 GB, percent = 12.5%
[2024-06-26 08:20:48,797] [INFO] [logging.py:96:log_dist] [Rank 0] DeepSpeed Final Optimizer = DeepSpeedZeroOptimizer
[2024-06-26 08:20:48,797] [INFO] [logging.py:96:log_dist] [Rank 0] DeepSpeed using client LR scheduler
[2024-06-26 08:20:48,797] [INFO] [logging.py:96:log_dist] [Rank 0] DeepSpeed LR Scheduler = None
[2024-06-26 08:20:48,797] [INFO] [logging.py:96:log_dist] [Rank 0] step=0, skipped=0, lr=[1e-05], mom=[(0.9, 0.999)]
[2024-06-26 08:20:48,800] [INFO] [config.py:1000:print] DeepSpeedEngine configuration:
[2024-06-26 08:20:48,800] [INFO] [config.py:1004:print]   activation_checkpointing_config  {
    "partition_activations": false, 
    "contiguous_memory_optimization": false, 
    "cpu_checkpointing": false, 
    "number_checkpoints": null, 
    "synchronize_checkpoint_boundary": false, 
    "profile": false
}
[2024-06-26 08:20:48,800] [INFO] [config.py:1004:print]   aio_config ................... {'block_size': 1048576, 'queue_depth': 8, 'thread_count': 1, 'single_submit': False, 'overlap_events': True}
[2024-06-26 08:20:48,800] [INFO] [config.py:1004:print]   amp_enabled .................. False
[2024-06-26 08:20:48,800] [INFO] [config.py:1004:print]   amp_params ................... False
[2024-06-26 08:20:48,800] [INFO] [config.py:1004:print]   autotuning_config ............ {
    "enabled": false, 
    "start_step": null, 
    "end_step": null, 
    "metric_path": null, 
    "arg_mappings": null, 
    "metric": "throughput", 
    "model_info": null, 
    "results_dir": "autotuning_results", 
    "exps_dir": "autotuning_exps", 
    "overwrite": true, 
    "fast": true, 
    "start_profile_step": 3, 
    "end_profile_step": 5, 
    "tuner_type": "gridsearch", 
    "tuner_early_stopping": 5, 
    "tuner_num_trials": 50, 
    "model_info_path": null, 
    "mp_size": 1, 
    "max_train_batch_size": null, 
    "min_train_batch_size": 1, 
    "max_train_micro_batch_size_per_gpu": 1.024000e+03, 
    "min_train_micro_batch_size_per_gpu": 1, 
    "num_tuning_micro_batch_sizes": 3
}
[2024-06-26 08:20:48,800] [INFO] [config.py:1004:print]   bfloat16_enabled ............. False
[2024-06-26 08:20:48,800] [INFO] [config.py:1004:print]   bfloat16_immediate_grad_update  False
[2024-06-26 08:20:48,800] [INFO] [config.py:1004:print]   checkpoint_parallel_write_pipeline  False
[2024-06-26 08:20:48,800] [INFO] [config.py:1004:print]   checkpoint_tag_validation_enabled  True
[2024-06-26 08:20:48,800] [INFO] [config.py:1004:print]   checkpoint_tag_validation_fail  False
[2024-06-26 08:20:48,800] [INFO] [config.py:1004:print]   comms_config ................. <deepspeed.comm.config.DeepSpeedCommsConfig object at 0x7f81328c4250>
[2024-06-26 08:20:48,800] [INFO] [config.py:1004:print]   communication_data_type ...... None
[2024-06-26 08:20:48,800] [INFO] [config.py:1004:print]   compile_config ............... enabled=False backend='inductor' kwargs={}
[2024-06-26 08:20:48,801] [INFO] [config.py:1004:print]   compression_config ........... {'weight_quantization': {'shared_parameters': {'enabled': False, 'quantizer_kernel': False, 'schedule_offset': 0, 'quantize_groups': 1, 'quantize_verbose': False, 'quantization_type': 'symmetric', 'quantize_weight_in_forward': False, 'rounding': 'nearest', 'fp16_mixed_quantize': False, 'quantize_change_ratio': 0.001}, 'different_groups': {}}, 'activation_quantization': {'shared_parameters': {'enabled': False, 'quantization_type': 'symmetric', 'range_calibration': 'dynamic', 'schedule_offset': 1000}, 'different_groups': {}}, 'sparse_pruning': {'shared_parameters': {'enabled': False, 'method': 'l1', 'schedule_offset': 1000}, 'different_groups': {}}, 'row_pruning': {'shared_parameters': {'enabled': False, 'method': 'l1', 'schedule_offset': 1000}, 'different_groups': {}}, 'head_pruning': {'shared_parameters': {'enabled': False, 'method': 'topk', 'schedule_offset': 1000}, 'different_groups': {}}, 'channel_pruning': {'shared_parameters': {'enabled': False, 'method': 'l1', 'schedule_offset': 1000}, 'different_groups': {}}, 'layer_reduction': {'enabled': False}}
[2024-06-26 08:20:48,801] [INFO] [config.py:1004:print]   curriculum_enabled_legacy .... False
[2024-06-26 08:20:48,801] [INFO] [config.py:1004:print]   curriculum_params_legacy ..... False
[2024-06-26 08:20:48,801] [INFO] [config.py:1004:print]   data_efficiency_config ....... {'enabled': False, 'seed': 1234, 'data_sampling': {'enabled': False, 'num_epochs': 1000, 'num_workers': 0, 'curriculum_learning': {'enabled': False}}, 'data_routing': {'enabled': False, 'random_ltd': {'enabled': False, 'layer_token_lr_schedule': {'enabled': False}}}}
[2024-06-26 08:20:48,801] [INFO] [config.py:1004:print]   data_efficiency_enabled ...... False
[2024-06-26 08:20:48,801] [INFO] [config.py:1004:print]   dataloader_drop_last ......... False
[2024-06-26 08:20:48,801] [INFO] [config.py:1004:print]   disable_allgather ............ False
[2024-06-26 08:20:48,801] [INFO] [config.py:1004:print]   dump_state ................... False
[2024-06-26 08:20:48,801] [INFO] [config.py:1004:print]   dynamic_loss_scale_args ...... None
[2024-06-26 08:20:48,801] [INFO] [config.py:1004:print]   eigenvalue_enabled ........... False
[2024-06-26 08:20:48,801] [INFO] [config.py:1004:print]   eigenvalue_gas_boundary_resolution  1
[2024-06-26 08:20:48,801] [INFO] [config.py:1004:print]   eigenvalue_layer_name ........ bert.encoder.layer
[2024-06-26 08:20:48,801] [INFO] [config.py:1004:print]   eigenvalue_layer_num ......... 0
[2024-06-26 08:20:48,801] [INFO] [config.py:1004:print]   eigenvalue_max_iter .......... 100
[2024-06-26 08:20:48,801] [INFO] [config.py:1004:print]   eigenvalue_stability ......... 1e-06
[2024-06-26 08:20:48,801] [INFO] [config.py:1004:print]   eigenvalue_tol ............... 0.01
[2024-06-26 08:20:48,801] [INFO] [config.py:1004:print]   eigenvalue_verbose ........... False
[2024-06-26 08:20:48,801] [INFO] [config.py:1004:print]   elasticity_enabled ........... False
[2024-06-26 08:20:48,801] [INFO] [config.py:1004:print]   flops_profiler_config ........ {
    "enabled": false, 
    "recompute_fwd_factor": 0.0, 
    "profile_step": 1, 
    "module_depth": -1, 
    "top_modules": 1, 
    "detailed": true, 
    "output_file": null
}
[2024-06-26 08:20:48,801] [INFO] [config.py:1004:print]   fp16_auto_cast ............... True
[2024-06-26 08:20:48,801] [INFO] [config.py:1004:print]   fp16_enabled ................. True
[2024-06-26 08:20:48,801] [INFO] [config.py:1004:print]   fp16_master_weights_and_gradients  False
[2024-06-26 08:20:48,801] [INFO] [config.py:1004:print]   global_rank .................. 0
[2024-06-26 08:20:48,801] [INFO] [config.py:1004:print]   grad_accum_dtype ............. None
[2024-06-26 08:20:48,801] [INFO] [config.py:1004:print]   gradient_accumulation_steps .. 1
[2024-06-26 08:20:48,801] [INFO] [config.py:1004:print]   gradient_clipping ............ 1.0
[2024-06-26 08:20:48,801] [INFO] [config.py:1004:print]   gradient_predivide_factor .... 1.0
[2024-06-26 08:20:48,801] [INFO] [config.py:1004:print]   graph_harvesting ............. False
[2024-06-26 08:20:48,801] [INFO] [config.py:1004:print]   hybrid_engine ................ enabled=False max_out_tokens=512 inference_tp_size=1 release_inference_cache=False pin_parameters=True tp_gather_partition_size=8
[2024-06-26 08:20:48,801] [INFO] [config.py:1004:print]   initial_dynamic_scale ........ 65536
[2024-06-26 08:20:48,801] [INFO] [config.py:1004:print]   load_universal_checkpoint .... False
[2024-06-26 08:20:48,801] [INFO] [config.py:1004:print]   loss_scale ................... 0
[2024-06-26 08:20:48,801] [INFO] [config.py:1004:print]   memory_breakdown ............. False
[2024-06-26 08:20:48,801] [INFO] [config.py:1004:print]   mics_hierarchial_params_gather  False
[2024-06-26 08:20:48,801] [INFO] [config.py:1004:print]   mics_shard_size .............. -1
[2024-06-26 08:20:48,801] [INFO] [config.py:1004:print]   monitor_config ............... tensorboard=TensorBoardConfig(enabled=False, output_path='', job_name='DeepSpeedJobName') comet=CometConfig(enabled=False, samples_log_interval=100, project=None, workspace=None, api_key=None, experiment_name=None, experiment_key=None, online=None, mode=None) wandb=WandbConfig(enabled=False, group=None, team=None, project='deepspeed') csv_monitor=CSVConfig(enabled=False, output_path='', job_name='DeepSpeedJobName') enabled=False
[2024-06-26 08:20:48,801] [INFO] [config.py:1004:print]   nebula_config ................ {
    "enabled": false, 
    "persistent_storage_path": null, 
    "persistent_time_interval": 100, 
    "num_of_version_in_retention": 2, 
    "enable_nebula_load": true, 
    "load_path": null
}
[2024-06-26 08:20:48,801] [INFO] [config.py:1004:print]   optimizer_legacy_fusion ...... False
[2024-06-26 08:20:48,801] [INFO] [config.py:1004:print]   optimizer_name ............... None
[2024-06-26 08:20:48,801] [INFO] [config.py:1004:print]   optimizer_params ............. None
[2024-06-26 08:20:48,801] [INFO] [config.py:1004:print]   pipeline ..................... {'stages': 'auto', 'partition': 'best', 'seed_layers': False, 'activation_checkpoint_interval': 0, 'pipe_partitioned': True, 'grad_partitioned': True}
[2024-06-26 08:20:48,802] [INFO] [config.py:1004:print]   pld_enabled .................. False
[2024-06-26 08:20:48,802] [INFO] [config.py:1004:print]   pld_params ................... False
[2024-06-26 08:20:48,802] [INFO] [config.py:1004:print]   prescale_gradients ........... False
[2024-06-26 08:20:48,802] [INFO] [config.py:1004:print]   scheduler_name ............... None
[2024-06-26 08:20:48,802] [INFO] [config.py:1004:print]   scheduler_params ............. None
[2024-06-26 08:20:48,802] [INFO] [config.py:1004:print]   seq_parallel_communication_data_type  torch.float32
[2024-06-26 08:20:48,802] [INFO] [config.py:1004:print]   sparse_attention ............. None
[2024-06-26 08:20:48,802] [INFO] [config.py:1004:print]   sparse_gradients_enabled ..... False
[2024-06-26 08:20:48,802] [INFO] [config.py:1004:print]   steps_per_print .............. inf
[2024-06-26 08:20:48,802] [INFO] [config.py:1004:print]   timers_config ................ enabled=True synchronized=True
[2024-06-26 08:20:48,802] [INFO] [config.py:1004:print]   train_batch_size ............. 16
[2024-06-26 08:20:48,802] [INFO] [config.py:1004:print]   train_micro_batch_size_per_gpu  2
[2024-06-26 08:20:48,802] [INFO] [config.py:1004:print]   use_data_before_expert_parallel_  False
[2024-06-26 08:20:48,802] [INFO] [config.py:1004:print]   use_node_local_storage ....... False
[2024-06-26 08:20:48,802] [INFO] [config.py:1004:print]   wall_clock_breakdown ......... False
[2024-06-26 08:20:48,802] [INFO] [config.py:1004:print]   weight_quantization_config ... None
[2024-06-26 08:20:48,802] [INFO] [config.py:1004:print]   world_size ................... 8
[2024-06-26 08:20:48,802] [INFO] [config.py:1004:print]   zero_allow_untested_optimizer  True
[2024-06-26 08:20:48,802] [INFO] [config.py:1004:print]   zero_config .................. stage=2 contiguous_gradients=True reduce_scatter=True reduce_bucket_size=500,000,000 use_multi_rank_bucket_allreduce=True allgather_partitions=True allgather_bucket_size=500,000,000 overlap_comm=False load_from_fp32_weights=True elastic_checkpoint=False offload_param=DeepSpeedZeroOffloadParamConfig(device='none', nvme_path=None, buffer_count=5, buffer_size=100,000,000, max_in_cpu=1,000,000,000, pin_memory=False) offload_optimizer=DeepSpeedZeroOffloadOptimizerConfig(device='none', nvme_path=None, buffer_count=4, pin_memory=False, pipeline=False, pipeline_read=False, pipeline_write=False, fast_init=False, ratio=1.0) sub_group_size=1,000,000,000 cpu_offload_param=None cpu_offload_use_pin_memory=None cpu_offload=None prefetch_bucket_size=50,000,000 param_persistence_threshold=100,000 model_persistence_threshold=sys.maxsize max_live_parameters=1,000,000,000 max_reuse_distance=1,000,000,000 gather_16bit_weights_on_model_save=False use_all_reduce_for_fetch_params=False stage3_gather_fp16_weights_on_model_save=False ignore_unused_parameters=True legacy_stage1=False round_robin_gradients=False zero_hpz_partition_size=1 zero_quantized_weights=False zero_quantized_nontrainable_weights=False zero_quantized_gradients=False mics_shard_size=-1 mics_hierarchical_params_gather=False memory_efficient_linear=True pipeline_loading_checkpoint=False override_module_apply=True
[2024-06-26 08:20:48,802] [INFO] [config.py:1004:print]   zero_enabled ................. True
[2024-06-26 08:20:48,802] [INFO] [config.py:1004:print]   zero_force_ds_cpu_optimizer .. True
[2024-06-26 08:20:48,802] [INFO] [config.py:1004:print]   zero_optimization_stage ...... 2
[2024-06-26 08:20:48,803] [INFO] [config.py:990:print_user_config]   json = {
    "train_batch_size": 16, 
    "train_micro_batch_size_per_gpu": 2, 
    "gradient_accumulation_steps": 1, 
    "zero_optimization": {
        "stage": 2, 
        "offload_optimizer": {
            "device": "none", 
            "nvme_path": null
        }, 
        "offload_param": {
            "device": "none", 
            "nvme_path": null
        }, 
        "stage3_gather_16bit_weights_on_model_save": false
    }, 
    "gradient_clipping": 1.0, 
    "steps_per_print": inf, 
    "fp16": {
        "enabled": true, 
        "auto_cast": true
    }, 
    "bf16": {
        "enabled": false
    }, 
    "zero_allow_untested_optimizer": true
}
06/26/2024 08:20:48 - INFO - __main__ - ***** Running training *****
06/26/2024 08:20:48 - INFO - __main__ -   Num examples = 34
06/26/2024 08:20:48 - INFO - __main__ -   Num Epochs = 67
06/26/2024 08:20:48 - INFO - __main__ -   Instantaneous batch size per device = 2
06/26/2024 08:20:48 - INFO - __main__ -   Total train batch size (w. parallel, distributed & accumulation) = 16
06/26/2024 08:20:48 - INFO - __main__ -   Gradient Accumulation steps = 1
06/26/2024 08:20:48 - INFO - __main__ -   Total optimization steps = 200
[2024-06-26 08:20:59,039] [INFO] [loss_scaler.py:183:update_scale] [deepspeed] OVERFLOW! Rank 0 Skipping step. Attempted loss scale: 4294967296, reducing to 2147483648
[2024-06-26 08:21:01,791] [INFO] [loss_scaler.py:183:update_scale] [deepspeed] OVERFLOW! Rank 0 Skipping step. Attempted loss scale: 2147483648, reducing to 1073741824
[2024-06-26 08:21:04,733] [INFO] [loss_scaler.py:183:update_scale] [deepspeed] OVERFLOW! Rank 0 Skipping step. Attempted loss scale: 1073741824, reducing to 536870912
[2024-06-26 08:21:08,826] [INFO] [loss_scaler.py:183:update_scale] [deepspeed] OVERFLOW! Rank 0 Skipping step. Attempted loss scale: 536870912, reducing to 268435456
[2024-06-26 08:21:11,587] [INFO] [loss_scaler.py:183:update_scale] [deepspeed] OVERFLOW! Rank 0 Skipping step. Attempted loss scale: 268435456, reducing to 134217728
[2024-06-26 08:21:14,494] [INFO] [loss_scaler.py:183:update_scale] [deepspeed] OVERFLOW! Rank 0 Skipping step. Attempted loss scale: 134217728, reducing to 67108864
  0%|          | 0/200 [00:00<?, ?it/s]Steps:   0%|          | 0/200 [00:00<?, ?it/s]Steps:   0%|          | 1/200 [00:10<35:31, 10.71s/it]Steps:   0%|          | 1/200 [00:10<35:31, 10.71s/it, lr=1e-5, step_loss=1.18]Steps:   1%|          | 2/200 [00:13<19:53,  6.03s/it, lr=1e-5, step_loss=1.18]Steps:   1%|          | 2/200 [00:13<19:53,  6.03s/it, lr=1e-5, step_loss=2.01]Steps:   2%|▏         | 3/200 [00:16<15:09,  4.62s/it, lr=1e-5, step_loss=2.01]Steps:   2%|▏         | 3/200 [00:16<15:09,  4.62s/it, lr=1e-5, step_loss=1.03]Steps:   2%|▏         | 4/200 [00:20<14:24,  4.41s/it, lr=1e-5, step_loss=1.03]Steps:   2%|▏         | 4/200 [00:20<14:24,  4.41s/it, lr=1e-5, step_loss=1.57]Steps:   2%|▎         | 5/200 [00:23<12:24,  3.82s/it, lr=1e-5, step_loss=1.57]Steps:   2%|▎         | 5/200 [00:23<12:24,  3.82s/it, lr=1e-5, step_loss=1.37]Steps:   3%|▎         | 6/200 [00:26<11:20,  3.51s/it, lr=1e-5, step_loss=1.37]Steps:   3%|▎         | 6/200 [00:26<11:20,  3.51s/it, lr=1e-5, s  0%|          | 0/200 [00:00<?, ?it/s]Steps:   0%|          | 0/200 [00:00<?, ?it/s]Steps:   0%|          | 1/200 [00:10<33:22, 10.06s/it]Steps:   0%|          | 1/200 [00:10<33:22, 10.06s/it, lr=1e-5, step_loss=1.16]Steps:   1%|          | 2/200 [00:12<19:00,  5.76s/it, lr=1e-5, step_loss=1.16]Steps:   1%|          | 2/200 [00:12<19:00,  5.76s/it, lr=1e-5, step_loss=2.01]Steps:   2%|▏         | 3/200 [00:15<14:41,  4.47s/it, lr=1e-5, step_loss=2.01]Steps:   2%|▏         | 3/200 [00:15<14:41,  4.47s/it, lr=1e-5, step_loss=1.01]Steps:   2%|▏         | 4/200 [00:19<14:07,  4.32s/it, lr=1e-5, step_loss=1.01]Steps:   2%|▏         | 4/200 [00:19<14:07,  4.32s/it, lr=1e-5, step_loss=1.49]Steps:   2%|▎         | 5/200 [00:22<12:13,  3.76s/it, lr=1e-5, step_loss=1.49]Steps:   2%|▎         | 5/200 [00:22<12:13,  3.76s/it, lr=1e-5, step_loss=1.45]Steps:   3%|▎         | 6/200 [00:25<11:13,  3.47s/it, lr=1e-5, step_loss=1.45]Steps:   3%|▎         | 6/200 [00:25<11:13,  3.47s/it, lr=1e-5, s[2024-06-26 08:21:18,559] [INFO] [loss_scaler.py:183:update_scale] [deepspeed] OVERFLOW! Rank 0 Skipping step. Attempted loss scale: 67108864, reducing to 33554432
[2024-06-26 08:21:21,314] [INFO] [loss_scaler.py:183:update_scale] [deepspeed] OVERFLOW! Rank 0 Skipping step. Attempted loss scale: 33554432, reducing to 16777216
[2024-06-26 08:21:24,232] [INFO] [loss_scaler.py:183:update_scale] [deepspeed] OVERFLOW! Rank 0 Skipping step. Attempted loss scale: 16777216, reducing to 8388608
[2024-06-26 08:21:28,355] [INFO] [loss_scaler.py:183:update_scale] [deepspeed] OVERFLOW! Rank 0 Skipping step. Attempted loss scale: 8388608, reducing to 4194304
[2024-06-26 08:21:31,109] [INFO] [loss_scaler.py:183:update_scale] [deepspeed] OVERFLOW! Rank 0 Skipping step. Attempted loss scale: 4194304, reducing to 2097152
[2024-06-26 08:21:34,020] [INFO] [loss_scaler.py:183:update_scale] [deepspeed] OVERFLOW! Rank 0 Skipping step. Attempted loss scale: 2097152, reducing to 1048576
[2024-06-26 08:21:38,121] [INFO] [loss_scaler.py:183:update_scale] [deepspeed] OVERFLOW! Rank 0 Skipping step. Attempted loss scale: 1048576, reducing to 524288
tep_loss=2.72]Steps:   4%|▎         | 7/200 [00:30<11:52,  3.69s/it, lr=1e-5, step_loss=2.72]Steps:   4%|▎         | 7/200 [00:30<11:52,  3.69s/it, lr=1e-5, step_loss=2.14]Steps:   4%|▍         | 8/200 [00:32<10:51,  3.39s/it, lr=1e-5, step_loss=2.14]Steps:   4%|▍         | 8/200 [00:32<10:51,  3.39s/it, lr=1e-5, step_loss=0.308]Steps:   4%|▍         | 9/200 [00:35<10:19,  3.24s/it, lr=1e-5, step_loss=0.308]Steps:   4%|▍         | 9/200 [00:35<10:19,  3.24s/it, lr=1e-5, step_loss=2.31] Steps:   5%|▌         | 10/200 [00:40<11:07,  3.52s/it, lr=1e-5, step_loss=2.31]Steps:   5%|▌         | 10/200 [00:40<11:07,  3.52s/it, lr=1e-5, step_loss=1.04]Steps:   6%|▌         | 11/200 [00:42<10:20,  3.28s/it, lr=1e-5, step_loss=1.04]Steps:   6%|▌         | 11/200 [00:42<10:20,  3.28s/it, lr=1e-5, step_loss=1.83]Steps:   6%|▌         | 12/200 [00:45<09:55,  3.17s/it, lr=1e-5, step_loss=1.83]Steps:   6%|▌         | 12/200 [00:45<09:55,  3.17s/it, lr=1e-5, step_loss=2.35]Steps:   6%|▋ tep_loss=2.77]Steps:   4%|▎         | 7/200 [00:29<11:47,  3.66s/it, lr=1e-5, step_loss=2.77]Steps:   4%|▎         | 7/200 [00:29<11:47,  3.66s/it, lr=1e-5, step_loss=2.2] Steps:   4%|▍         | 8/200 [00:32<10:48,  3.38s/it, lr=1e-5, step_loss=2.2]Steps:   4%|▍         | 8/200 [00:32<10:48,  3.38s/it, lr=1e-5, step_loss=0.32]Steps:   4%|▍         | 9/200 [00:35<10:17,  3.23s/it, lr=1e-5, step_loss=0.32]Steps:   4%|▍         | 9/200 [00:35<10:17,  3.23s/it, lr=1e-5, step_loss=2.22]Steps:   5%|▌         | 10/200 [00:39<11:06,  3.51s/it, lr=1e-5, step_loss=2.22]Steps:   5%|▌         | 10/200 [00:39<11:06,  3.51s/it, lr=1e-5, step_loss=1.09]Steps:   6%|▌         | 11/200 [00:42<10:19,  3.28s/it, lr=1e-5, step_loss=1.09]Steps:   6%|▌         | 11/200 [00:42<10:19,  3.28s/it, lr=1e-5, step_loss=1.85]Steps:   6%|▌         | 12/200 [00:45<09:55,  3.17s/it, lr=1e-5, step_loss=1.85]Steps:   6%|▌         | 12/200 [00:45<09:55,  3.17s/it, lr=1e-5, step_loss=2.33]Steps:   6%|▋     [2024-06-26 08:21:40,873] [INFO] [loss_scaler.py:183:update_scale] [deepspeed] OVERFLOW! Rank 0 Skipping step. Attempted loss scale: 524288, reducing to 262144
[2024-06-26 08:21:42,559] [INFO] [loss_scaler.py:183:update_scale] [deepspeed] OVERFLOW! Rank 0 Skipping step. Attempted loss scale: 262144, reducing to 131072
[2024-06-26 08:21:46,522] [INFO] [loss_scaler.py:183:update_scale] [deepspeed] OVERFLOW! Rank 0 Skipping step. Attempted loss scale: 131072, reducing to 65536
    | 13/200 [00:49<10:44,  3.45s/it, lr=1e-5, step_loss=2.33]Steps:   6%|▋         | 13/200 [00:49<10:44,  3.45s/it, lr=1e-5, step_loss=2.3] Steps:   7%|▋         | 14/200 [00:51<10:02,  3.24s/it, lr=1e-5, step_loss=2.3]Steps:   7%|▋         | 14/200 [00:51<10:02,  3.24s/it, lr=1e-5, step_loss=2.29]Steps:   8%|▊         | 15/200 [00:53<08:32,  2.77s/it, lr=1e-5, step_loss=2.29]Steps:   8%|▊         | 15/200 [00:53<08:32,  2.77s/it, lr=1e-5, step_loss=1.52]Steps:   8%|▊         | 16/200 [00:57<09:35,  3.13s/it, lr=1e-5, step_loss=1.52]Steps:   8%|▊         | 16/200 [00:57<09:35,  3.13s/it, lr=1e-5, step_loss=2.37]Steps:   8%|▊         | 17/200 [01:02<10:57,  3.59s/it, lr=1e-5, step_loss=2.37]Steps:   8%|▊         | 17/200 [01:02<10:57,  3.59s/it, lr=1e-5, step_loss=2.42]Steps:   9%|▉         | 18/200 [01:07<12:09,  4.01s/it, lr=1e-5, step_loss=2.42]Steps:   9%|▉         | 18/200 [01:07<12:09,  4.01s/it, lr=1e-5, step_loss=1]   Steps:  10%|▉         | 19/200 [01:13<13:52,  4        | 13/200 [00:49<10:45,  3.45s/it, lr=1e-5, step_loss=2.35]Steps:   6%|▋         | 13/200 [00:49<10:45,  3.45s/it, lr=1e-5, step_loss=2.36]Steps:   7%|▋         | 14/200 [00:52<10:02,  3.24s/it, lr=1e-5, step_loss=2.36]Steps:   7%|▋         | 14/200 [00:52<10:02,  3.24s/it, lr=1e-5, step_loss=2.27]Steps:   8%|▊         | 15/200 [00:54<08:32,  2.77s/it, lr=1e-5, step_loss=2.27]Steps:   8%|▊         | 15/200 [00:54<08:32,  2.77s/it, lr=1e-5, step_loss=1.45]Steps:   8%|▊         | 16/200 [00:58<09:36,  3.13s/it, lr=1e-5, step_loss=1.45]Steps:   8%|▊         | 16/200 [00:58<09:36,  3.13s/it, lr=1e-5, step_loss=2.42]Steps:   8%|▊         | 17/200 [01:02<10:57,  3.59s/it, lr=1e-5, step_loss=2.42]Steps:   8%|▊         | 17/200 [01:02<10:57,  3.59s/it, lr=1e-5, step_loss=2.41]Steps:   9%|▉         | 18/200 [01:07<12:09,  4.01s/it, lr=1e-5, step_loss=2.41]Steps:   9%|▉         | 18/200 [01:07<12:09,  4.01s/it, lr=1e-5, step_loss=0.987]Steps:  10%|▉         | 19/200 [01:13<13:52,  4.60s/it, lr=1e-5, step_loss=0.987]Steps:  10%|▉         | 19/200 [01:13<13:52,  4.60s/it, lr=1e-5, step_loss=0.871]Steps:  10%|█         | 20/200 [01:18<13:50,  4.61s/it, lr=1e-5, step_loss=0.871]Steps:  10%|█         | 20/200 [01:18<13:50,  4.61s/it, lr=1e-5, step_loss=1.77] Steps:  10%|█         | 21/200 [01:23<13:56,  4.67s/it, lr=1e-5, step_loss=1.77]Steps:  10%|█         | 21/200 [01:23<13:56,  4.67s/it, lr=1e-5, step_loss=1.9] Steps:  11%|█         | 22/200 [01:29<14:59,  5.05s/it, lr=1e-5, step_loss=1.9]Steps:  11%|█         | 22/200 [01:29<14:59,  5.05s/it, lr=1e-5, step_loss=0.789]Steps:  12%|█▏        | 23/200 [01:33<14:32,  4.93s/it, lr=1e-5, step_loss=0.789]Steps:  12%|█▏        | 23/200 [01:33<14:32,  4.93s/it, lr=1e-5, step_loss=1.17] Steps:  12%|█▏        | 24/200 [01:38<14:23,  4.90s/it, lr=1e-5, step_loss=1.17]Steps:  12%|█▏        | 24/200 [01:38<14:23,  4.90s/it, lr=1e-5, step_loss=1.7] Steps:  12%|█▎        | 25/200 [01:44<15:15,  5.23s/i.60s/it, lr=1e-5, step_loss=1]Steps:  10%|▉         | 19/200 [01:13<13:52,  4.60s/it, lr=1e-5, step_loss=0.863]Steps:  10%|█         | 20/200 [01:17<13:50,  4.61s/it, lr=1e-5, step_loss=0.863]Steps:  10%|█         | 20/200 [01:17<13:50,  4.61s/it, lr=1e-5, step_loss=1.77] Steps:  10%|█         | 21/200 [01:22<13:56,  4.67s/it, lr=1e-5, step_loss=1.77]Steps:  10%|█         | 21/200 [01:22<13:56,  4.67s/it, lr=1e-5, step_loss=1.87]Steps:  11%|█         | 22/200 [01:28<14:59,  5.05s/it, lr=1e-5, step_loss=1.87]Steps:  11%|█         | 22/200 [01:28<14:59,  5.05s/it, lr=1e-5, step_loss=0.807]Steps:  12%|█▏        | 23/200 [01:33<14:32,  4.93s/it, lr=1e-5, step_loss=0.807]Steps:  12%|█▏        | 23/200 [01:33<14:32,  4.93s/it, lr=1e-5, step_loss=1.13] Steps:  12%|█▏        | 24/200 [01:38<14:23,  4.90s/it, lr=1e-5, step_loss=1.13]Steps:  12%|█▏        | 24/200 [01:38<14:23,  4.90s/it, lr=1e-5, step_loss=1.72]Steps:  12%|█▎        | 25/200 [01:44<15:15,  5.23s/it, lr=1e-t, lr=1e-5, step_loss=1.7]Steps:  12%|█▎        | 25/200 [01:44<15:15,  5.23s/it, lr=1e-5, step_loss=0.396]Steps:  13%|█▎        | 26/200 [01:49<14:40,  5.06s/it, lr=1e-5, step_loss=0.396]Steps:  13%|█▎        | 26/200 [01:49<14:40,  5.06s/it, lr=1e-5, step_loss=0.637]Steps:  14%|█▎        | 27/200 [01:52<13:18,  4.61s/it, lr=1e-5, step_loss=0.637]Steps:  14%|█▎        | 27/200 [01:52<13:18,  4.61s/it, lr=1e-5, step_loss=0.67] Steps:  14%|█▍        | 28/200 [01:58<14:18,  4.99s/it, lr=1e-5, step_loss=0.67]Steps:  14%|█▍        | 28/200 [01:58<14:18,  4.99s/it, lr=1e-5, step_loss=0.912]Steps:  14%|█▍        | 29/200 [02:03<13:55,  4.89s/it, lr=1e-5, step_loss=0.912]Steps:  14%|█▍        | 29/200 [02:03<13:55,  4.89s/it, lr=1e-5, step_loss=1.91] Steps:  15%|█▌        | 30/200 [02:08<13:46,  4.86s/it, lr=1e-5, step_loss=1.91]Steps:  15%|█▌        | 30/200 [02:08<13:46,  4.86s/it, lr=1e-5, step_loss=1.76]Steps:  16%|█▌        | 31/200 [02:14<14:39,  5.215, step_loss=1.72]Steps:  12%|█▎        | 25/200 [01:44<15:15,  5.23s/it, lr=1e-5, step_loss=0.391]Steps:  13%|█▎        | 26/200 [01:48<14:40,  5.06s/it, lr=1e-5, step_loss=0.391]Steps:  13%|█▎        | 26/200 [01:48<14:40,  5.06s/it, lr=1e-5, step_loss=0.66] Steps:  14%|█▎        | 27/200 [01:52<13:18,  4.61s/it, lr=1e-5, step_loss=0.66]Steps:  14%|█▎        | 27/200 [01:52<13:18,  4.61s/it, lr=1e-5, step_loss=0.65]Steps:  14%|█▍        | 28/200 [01:58<14:18,  4.99s/it, lr=1e-5, step_loss=0.65]Steps:  14%|█▍        | 28/200 [01:58<14:18,  4.99s/it, lr=1e-5, step_loss=0.95]Steps:  14%|█▍        | 29/200 [02:02<13:55,  4.89s/it, lr=1e-5, step_loss=0.95]Steps:  14%|█▍        | 29/200 [02:02<13:55,  4.89s/it, lr=1e-5, step_loss=1.83]Steps:  15%|█▌        | 30/200 [02:07<13:46,  4.86s/it, lr=1e-5, step_loss=1.83]Steps:  15%|█▌        | 30/200 [02:07<13:46,  4.86s/it, lr=1e-5, step_loss=1.82]Steps:  16%|█▌        | 31/200 [02:13<14:39,  5.21s/it, lr=1e-5